New log file opened at Fri Jul 17 10:32:41 EEST 2015 by 12851@dyn-179-215.public.tut.fi
Sending msg to client activator-3de573bf-7515-4ddb-938e-4b6d626268e0: DetachedLogEvent(LogMessage(debug,sbt server socket logs are in: /Users/Messi/Development/activator-1.3.5-minimal/catDB/.sbtserver/connections/master.log))
Sending msg to client activator-3de573bf-7515-4ddb-938e-4b6d626268e0: DetachedLogEvent(LogMessage(debug,sbt client logs are in: /Users/Messi/Development/activator-1.3.5-minimal/catDB/.sbtserver/connections/activator-3de573bf-7515-4ddb-938e-4b6d626268e0.log))
Sending msg to client activator-3de573bf-7515-4ddb-938e-4b6d626268e0: DetachedLogEvent(LogMessage(debug,sbt general server logs are in: /Users/Messi/Development/activator-1.3.5-minimal/catDB/.sbtserver/master.log))
Dropping message DetachedLogEvent(LogMessage(debug,sbt general server logs are in: /Users/Messi/Development/activator-1.3.5-minimal/catDB/.sbtserver/master.log)) because client activator-3de573bf-7515-4ddb-938e-4b6d626268e0 of an exception serializing and sending: java.net.SocketException: Broken pipe
Dropping message DetachedLogEvent(LogMessage(debug,sbt client logs are in: /Users/Messi/Development/activator-1.3.5-minimal/catDB/.sbtserver/connections/activator-3de573bf-7515-4ddb-938e-4b6d626268e0.log)) because client activator-3de573bf-7515-4ddb-938e-4b6d626268e0 of an exception serializing and sending: java.net.SocketException: Broken pipe
stack trace sending message was 
java.net.SocketException: Broken pipe
	at java.net.SocketOutputStream.socketWrite0(Native Method)
	at java.net.SocketOutputStream.socketWrite(SocketOutputStream.java:109)
	at java.net.SocketOutputStream.write(SocketOutputStream.java:153)
	at java.io.BufferedOutputStream.flushBuffer(BufferedOutputStream.java:82)
	at java.io.BufferedOutputStream.flush(BufferedOutputStream.java:140)
	at java.io.DataOutputStream.flush(DataOutputStream.java:123)
	at sbt.impl.ipc.Peer.send(IPC.scala:79)
	at sbt.impl.ipc.Peer.send(IPC.scala:83)
	at sbt.impl.ipc.Peer.sendString(IPC.scala:106)
	at sbt.impl.ipc.Peer.sendJson(IPC.scala:119)
	at sbt.server.SbtClientHandler$$anonfun$send$1.apply$mcV$sp(SbtClientHandler.scala:128)
	at sbt.server.SbtClientHandler.wrappedSend(SbtClientHandler.scala:113)
	at sbt.server.SbtClientHandler.send(SbtClientHandler.scala:128)
	at sbt.server.SbtClientHandler$clientThread$.run(SbtClientHandler.scala:42)
stack trace sending message was 
java.net.SocketException: Broken pipe
	at java.net.SocketOutputStream.socketWrite0(Native Method)
	at java.net.SocketOutputStream.socketWrite(SocketOutputStream.java:109)
	at java.net.SocketOutputStream.write(SocketOutputStream.java:153)
	at java.io.BufferedOutputStream.flushBuffer(BufferedOutputStream.java:82)
	at java.io.BufferedOutputStream.flush(BufferedOutputStream.java:140)
	at java.io.DataOutputStream.flush(DataOutputStream.java:123)
	at sbt.impl.ipc.Peer.send(IPC.scala:79)
	at sbt.impl.ipc.Peer.send(IPC.scala:83)
	at sbt.impl.ipc.Peer.sendString(IPC.scala:106)
	at sbt.impl.ipc.Peer.sendJson(IPC.scala:119)
	at sbt.server.SbtClientHandler$$anonfun$send$1.apply$mcV$sp(SbtClientHandler.scala:128)
	at sbt.server.SbtClientHandler.wrappedSend(SbtClientHandler.scala:113)
	at sbt.server.SbtClientHandler.send(SbtClientHandler.scala:128)
	at sbt.server.SbtServerSocketHandler$$anon$1.run(SbtServerSocketHandler.scala:92)
Reading next message from client.
Client activator-3de573bf-7515-4ddb-938e-4b6d626268e0 closed, java.net.SocketException: socket is closed, shutting down
Dropping message (0,ReceivedResponse()) to dead client activator-3de573bf-7515-4ddb-938e-4b6d626268e0
Client activator-3de573bf-7515-4ddb-938e-4b6d626268e0 thread exiting.
