New log file opened at Thu Jul 16 22:14:33 EEST 2015 by 12233@Tamperes-MacBook-Pro.local
Sending msg to client play-fork-run-a6fe1335-ee5c-49da-b9c1-045def8b2a19: DetachedLogEvent(LogMessage(debug,sbt server socket logs are in: /Users/Messi/Development/activator-1.3.5-minimal/catDB/.sbtserver/connections/master.log))
Sending msg to client play-fork-run-a6fe1335-ee5c-49da-b9c1-045def8b2a19: DetachedLogEvent(LogMessage(debug,sbt client logs are in: /Users/Messi/Development/activator-1.3.5-minimal/catDB/.sbtserver/connections/play-fork-run-a6fe1335-ee5c-49da-b9c1-045def8b2a19.log))
Sending msg to client play-fork-run-a6fe1335-ee5c-49da-b9c1-045def8b2a19: DetachedLogEvent(LogMessage(debug,sbt general server logs are in: /Users/Messi/Development/activator-1.3.5-minimal/catDB/.sbtserver/master.log))
Reading next message from client.
Got request: DaemonRequest(true)
Reading next message from client.
Sending msg to client play-fork-run-a6fe1335-ee5c-49da-b9c1-045def8b2a19: (3,ReceivedResponse())
Got request: ListenToEvents()
Reading next message from client.
Sending msg to client play-fork-run-a6fe1335-ee5c-49da-b9c1-045def8b2a19: BackgroundJobStarted(9,BackgroundJobInfo(2,backgroundRun,AttributeKey[sbt.BackgroundJobHandle]("backgroundRun") in Scope(Build: file:/Users/Messi/Development/activator-1.3.5-minimal/catDB/, , Project: ProjectReference(file:/Users/Messi/Development/activator-1.3.5-minimal/catDB/,root), Config: compile)))
Sending msg to client play-fork-run-a6fe1335-ee5c-49da-b9c1-045def8b2a19: (4,ReceivedResponse())
Got request: KeyLookupRequest(root/playForkConfig)
Reading next message from client.
Sending msg to client play-fork-run-a6fe1335-ee5c-49da-b9c1-045def8b2a19: (5,KeyLookupResponse(root/playForkConfig,Vector(AttributeKey[play.forkrun.protocol.ForkConfig]("playForkConfig") in Scope(Build: file:/Users/Messi/Development/activator-1.3.5-minimal/catDB/, , Project: ProjectReference(file:/Users/Messi/Development/activator-1.3.5-minimal/catDB/,root)))))
Got request: ListenToValue(AttributeKey[play.forkrun.protocol.ForkConfig]("playForkConfig") in Scope(Build: file:/Users/Messi/Development/activator-1.3.5-minimal/catDB/, , Project: ProjectReference(file:/Users/Messi/Development/activator-1.3.5-minimal/catDB/,root)))
Reading next message from client.
Sending msg to client play-fork-run-a6fe1335-ee5c-49da-b9c1-045def8b2a19: (6,ReceivedResponse())
Got request: KeyExecutionRequest(AttributeKey[play.forkrun.protocol.ForkConfig]("playForkConfig") in Scope(Build: file:/Users/Messi/Development/activator-1.3.5-minimal/catDB/, , Project: ProjectReference(file:/Users/Messi/Development/activator-1.3.5-minimal/catDB/,root)))
Reading next message from client.
Sending msg to client play-fork-run-a6fe1335-ee5c-49da-b9c1-045def8b2a19: (7,ExecutionRequestReceived(10))
Sending msg to client play-fork-run-a6fe1335-ee5c-49da-b9c1-045def8b2a19: ExecutionWaiting(10,{file:/Users/Messi/Development/activator-1.3.5-minimal/catDB/}root/*:playForkConfig,ClientInfo(a6fe1335-ee5c-49da-b9c1-045def8b2a19,play-fork-run,Play Fork Run,1,Vector()))
Sending msg to client play-fork-run-a6fe1335-ee5c-49da-b9c1-045def8b2a19: ExecutionStarting(10)
Sending msg to client play-fork-run-a6fe1335-ee5c-49da-b9c1-045def8b2a19: DetachedLogEvent(LogMessage(debug,> {file:/Users/Messi/Development/activator-1.3.5-minimal/catDB/}root/*:playForkConfig))
Sending msg to client play-fork-run-a6fe1335-ee5c-49da-b9c1-045def8b2a19: DetachedLogEvent(LogMessage(debug,Evaluating tasks: *:playForkConfig))
Sending msg to client play-fork-run-a6fe1335-ee5c-49da-b9c1-045def8b2a19: DetachedLogEvent(LogMessage(debug,Running task... Cancel: sbt.server.ServerTaskCancellation@42976b5d, check cycles: false))
Sending msg to client play-fork-run-a6fe1335-ee5c-49da-b9c1-045def8b2a19: DetachedLogEvent(LogMessage(debug,cancel strategy start enabled=true lastCommand=Some(LastCommand(CommandExecutionWork(ExecutionId(10),{file:/Users/Messi/Development/activator-1.3.5-minimal/catDB/}root/*:playForkConfig,Set(LiveClient(play-fork-run a6fe1335-ee5c-49da-b9c1-045def8b2a19)),sbt.server.WorkCancellationStatus$$anon$1@39082013)))))
Sending msg to client play-fork-run-a6fe1335-ee5c-49da-b9c1-045def8b2a19: TaskStarted(10,465,Some(AttributeKey[scala.Tuple2[java.lang.String,java.io.File]]("playPrefixAndAssets") in Scope(Build: file:/Users/Messi/Development/activator-1.3.5-minimal/catDB/, , Project: ProjectReference(file:/Users/Messi/Development/activator-1.3.5-minimal/catDB/,root))))
Sending msg to client play-fork-run-a6fe1335-ee5c-49da-b9c1-045def8b2a19: TaskStarted(10,472,None)
Sending msg to client play-fork-run-a6fe1335-ee5c-49da-b9c1-045def8b2a19: TaskStarted(10,474,None)
Sending msg to client play-fork-run-a6fe1335-ee5c-49da-b9c1-045def8b2a19: TaskStarted(10,479,None)
Sending msg to client play-fork-run-a6fe1335-ee5c-49da-b9c1-045def8b2a19: TaskStarted(10,481,None)
Sending msg to client play-fork-run-a6fe1335-ee5c-49da-b9c1-045def8b2a19: TaskStarted(10,482,Some(AttributeKey[boolean]("skip") in Scope(Global)))
Sending msg to client play-fork-run-a6fe1335-ee5c-49da-b9c1-045def8b2a19: TaskStarted(10,491,Some(AttributeKey[scala.Option[scala.collection.Seq[sbt.Resolver]]]("bootResolvers") in Scope(Build: file:/Users/Messi/Development/activator-1.3.5-minimal/catDB/, , Project: ProjectReference(file:/Users/Messi/Development/activator-1.3.5-minimal/catDB/,root))))
Sending msg to client play-fork-run-a6fe1335-ee5c-49da-b9c1-045def8b2a19: TaskStarted(10,492,Some(AttributeKey[scala.collection.Seq[sbt.Resolver]]("externalResolvers") in Scope(Build: file:/Users/Messi/Development/activator-1.3.5-minimal/catDB/, , Project: ProjectReference(file:/Users/Messi/Development/activator-1.3.5-minimal/catDB/,root))))
Sending msg to client play-fork-run-a6fe1335-ee5c-49da-b9c1-045def8b2a19: TaskStarted(10,497,Some(AttributeKey[scala.collection.Seq[sbt.Credentials]]("credentials") in Scope(Global)))
Sending msg to client play-fork-run-a6fe1335-ee5c-49da-b9c1-045def8b2a19: TaskStarted(10,498,Some(AttributeKey[java.lang.String]("updateCacheName") in Scope(Build: file:/Users/Messi/Development/activator-1.3.5-minimal/catDB/, , Project: ProjectReference(file:/Users/Messi/Development/activator-1.3.5-minimal/catDB/,root))))
Sending msg to client play-fork-run-a6fe1335-ee5c-49da-b9c1-045def8b2a19: TaskStarted(10,501,None)
Sending msg to client play-fork-run-a6fe1335-ee5c-49da-b9c1-045def8b2a19: TaskStarted(10,502,None)
Sending msg to client play-fork-run-a6fe1335-ee5c-49da-b9c1-045def8b2a19: TaskStarted(10,510,None)
Sending msg to client play-fork-run-a6fe1335-ee5c-49da-b9c1-045def8b2a19: TaskStarted(10,515,Some(AttributeKey[scala.collection.Seq[java.lang.String]]("javaOptions") in Scope(Global)))
Sending msg to client play-fork-run-a6fe1335-ee5c-49da-b9c1-045def8b2a19: TaskStarted(10,516,Some(AttributeKey[scala.Option[java.lang.String]]("mainClass") in Scope(Build: file:/Users/Messi/Development/activator-1.3.5-minimal/catDB/, , Project: ProjectReference(file:/Users/Messi/Development/activator-1.3.5-minimal/catDB/,root), Config: compile, Task: AttributeKey[void]("run"))))
Sending msg to client play-fork-run-a6fe1335-ee5c-49da-b9c1-045def8b2a19: TaskStarted(10,518,None)
Sending msg to client play-fork-run-a6fe1335-ee5c-49da-b9c1-045def8b2a19: TaskFinished(10,465,Some(AttributeKey[scala.Tuple2[java.lang.String,java.io.File]]("playPrefixAndAssets") in Scope(Build: file:/Users/Messi/Development/activator-1.3.5-minimal/catDB/, , Project: ProjectReference(file:/Users/Messi/Development/activator-1.3.5-minimal/catDB/,root))),true,None)
Sending msg to client play-fork-run-a6fe1335-ee5c-49da-b9c1-045def8b2a19: TaskStarted(10,464,Some(AttributeKey[scala.collection.Seq[scala.Tuple2[java.lang.String,java.io.File]]]("playAllAssets") in Scope(Build: file:/Users/Messi/Development/activator-1.3.5-minimal/catDB/, , Project: ProjectReference(file:/Users/Messi/Development/activator-1.3.5-minimal/catDB/,root))))
Sending msg to client play-fork-run-a6fe1335-ee5c-49da-b9c1-045def8b2a19: TaskFinished(10,472,None,true,None)
Sending msg to client play-fork-run-a6fe1335-ee5c-49da-b9c1-045def8b2a19: TaskStarted(10,471,Some(AttributeKey[sbt.BuildStructure]("buildStructure") in Scope(Global)))
Sending msg to client play-fork-run-a6fe1335-ee5c-49da-b9c1-045def8b2a19: TaskStarted(10,506,Some(AttributeKey[java.io.File]("dependencyCacheDirectory") in Scope(Build: file:/Users/Messi/Development/activator-1.3.5-minimal/catDB/, , Project: ProjectReference(file:/Users/Messi/Development/activator-1.3.5-minimal/catDB/,root))))
Sending msg to client play-fork-run-a6fe1335-ee5c-49da-b9c1-045def8b2a19: TaskFinished(10,474,None,true,None)
Sending msg to client play-fork-run-a6fe1335-ee5c-49da-b9c1-045def8b2a19: TaskStarted(10,473,None)
Sending msg to client play-fork-run-a6fe1335-ee5c-49da-b9c1-045def8b2a19: TaskStarted(10,489,None)
Sending msg to client play-fork-run-a6fe1335-ee5c-49da-b9c1-045def8b2a19: TaskStarted(10,495,None)
Sending msg to client play-fork-run-a6fe1335-ee5c-49da-b9c1-045def8b2a19: TaskStarted(10,496,None)
Sending msg to client play-fork-run-a6fe1335-ee5c-49da-b9c1-045def8b2a19: TaskStarted(10,499,None)
Sending msg to client play-fork-run-a6fe1335-ee5c-49da-b9c1-045def8b2a19: TaskStarted(10,505,None)
Sending msg to client play-fork-run-a6fe1335-ee5c-49da-b9c1-045def8b2a19: TaskStarted(10,511,None)
Sending msg to client play-fork-run-a6fe1335-ee5c-49da-b9c1-045def8b2a19: TaskStarted(10,512,None)
Sending msg to client play-fork-run-a6fe1335-ee5c-49da-b9c1-045def8b2a19: TaskFinished(10,479,None,true,None)
Sending msg to client play-fork-run-a6fe1335-ee5c-49da-b9c1-045def8b2a19: TaskFinished(10,481,None,true,None)
Sending msg to client play-fork-run-a6fe1335-ee5c-49da-b9c1-045def8b2a19: TaskFinished(10,482,Some(AttributeKey[boolean]("skip") in Scope(Global)),true,None)
Sending msg to client play-fork-run-a6fe1335-ee5c-49da-b9c1-045def8b2a19: TaskFinished(10,491,Some(AttributeKey[scala.Option[scala.collection.Seq[sbt.Resolver]]]("bootResolvers") in Scope(Build: file:/Users/Messi/Development/activator-1.3.5-minimal/catDB/, , Project: ProjectReference(file:/Users/Messi/Development/activator-1.3.5-minimal/catDB/,root))),true,None)
Sending msg to client play-fork-run-a6fe1335-ee5c-49da-b9c1-045def8b2a19: TaskFinished(10,492,Some(AttributeKey[scala.collection.Seq[sbt.Resolver]]("externalResolvers") in Scope(Build: file:/Users/Messi/Development/activator-1.3.5-minimal/catDB/, , Project: ProjectReference(file:/Users/Messi/Development/activator-1.3.5-minimal/catDB/,root))),true,None)
Sending msg to client play-fork-run-a6fe1335-ee5c-49da-b9c1-045def8b2a19: TaskFinished(10,497,Some(AttributeKey[scala.collection.Seq[sbt.Credentials]]("credentials") in Scope(Global)),true,None)
Sending msg to client play-fork-run-a6fe1335-ee5c-49da-b9c1-045def8b2a19: TaskFinished(10,498,Some(AttributeKey[java.lang.String]("updateCacheName") in Scope(Build: file:/Users/Messi/Development/activator-1.3.5-minimal/catDB/, , Project: ProjectReference(file:/Users/Messi/Development/activator-1.3.5-minimal/catDB/,root))),true,None)
Sending msg to client play-fork-run-a6fe1335-ee5c-49da-b9c1-045def8b2a19: TaskFinished(10,501,None,true,None)
Sending msg to client play-fork-run-a6fe1335-ee5c-49da-b9c1-045def8b2a19: TaskFinished(10,502,None,true,None)
Sending msg to client play-fork-run-a6fe1335-ee5c-49da-b9c1-045def8b2a19: TaskStarted(10,500,Some(AttributeKey[scala.collection.Seq[sbt.UpdateReport]]("transitiveUpdate") in Scope(Build: file:/Users/Messi/Development/activator-1.3.5-minimal/catDB/, , Project: ProjectReference(file:/Users/Messi/Development/activator-1.3.5-minimal/catDB/,root))))
Sending msg to client play-fork-run-a6fe1335-ee5c-49da-b9c1-045def8b2a19: TaskFinished(10,510,None,true,None)
Sending msg to client play-fork-run-a6fe1335-ee5c-49da-b9c1-045def8b2a19: TaskFinished(10,515,Some(AttributeKey[scala.collection.Seq[java.lang.String]]("javaOptions") in Scope(Global)),true,None)
Sending msg to client play-fork-run-a6fe1335-ee5c-49da-b9c1-045def8b2a19: TaskFinished(10,516,Some(AttributeKey[scala.Option[java.lang.String]]("mainClass") in Scope(Build: file:/Users/Messi/Development/activator-1.3.5-minimal/catDB/, , Project: ProjectReference(file:/Users/Messi/Development/activator-1.3.5-minimal/catDB/,root), Config: compile, Task: AttributeKey[void]("run"))),true,None)
Sending msg to client play-fork-run-a6fe1335-ee5c-49da-b9c1-045def8b2a19: TaskFinished(10,518,None,true,None)
Sending msg to client play-fork-run-a6fe1335-ee5c-49da-b9c1-045def8b2a19: TaskFinished(10,464,Some(AttributeKey[scala.collection.Seq[scala.Tuple2[java.lang.String,java.io.File]]]("playAllAssets") in Scope(Build: file:/Users/Messi/Development/activator-1.3.5-minimal/catDB/, , Project: ProjectReference(file:/Users/Messi/Development/activator-1.3.5-minimal/catDB/,root))),true,None)
Sending msg to client play-fork-run-a6fe1335-ee5c-49da-b9c1-045def8b2a19: TaskFinished(10,471,Some(AttributeKey[sbt.BuildStructure]("buildStructure") in Scope(Global)),true,None)
Sending msg to client play-fork-run-a6fe1335-ee5c-49da-b9c1-045def8b2a19: TaskStarted(10,470,Some(AttributeKey[sbt.Settings[sbt.Scope]]("settingsData") in Scope(Global)))
Sending msg to client play-fork-run-a6fe1335-ee5c-49da-b9c1-045def8b2a19: TaskFinished(10,506,Some(AttributeKey[java.io.File]("dependencyCacheDirectory") in Scope(Build: file:/Users/Messi/Development/activator-1.3.5-minimal/catDB/, , Project: ProjectReference(file:/Users/Messi/Development/activator-1.3.5-minimal/catDB/,root))),true,None)
Sending msg to client play-fork-run-a6fe1335-ee5c-49da-b9c1-045def8b2a19: TaskFinished(10,473,None,true,None)
Sending msg to client play-fork-run-a6fe1335-ee5c-49da-b9c1-045def8b2a19: TaskFinished(10,489,None,true,None)
Sending msg to client play-fork-run-a6fe1335-ee5c-49da-b9c1-045def8b2a19: TaskFinished(10,495,None,true,None)
Sending msg to client play-fork-run-a6fe1335-ee5c-49da-b9c1-045def8b2a19: TaskFinished(10,496,None,true,None)
Sending msg to client play-fork-run-a6fe1335-ee5c-49da-b9c1-045def8b2a19: TaskFinished(10,499,None,true,None)
Sending msg to client play-fork-run-a6fe1335-ee5c-49da-b9c1-045def8b2a19: TaskFinished(10,505,None,true,None)
Sending msg to client play-fork-run-a6fe1335-ee5c-49da-b9c1-045def8b2a19: TaskStarted(10,504,Some(AttributeKey[scala.collection.immutable.Map[sbt.ModuleID,sbt.SourcePosition]]("dependencyPositions") in Scope(Build: file:/Users/Messi/Development/activator-1.3.5-minimal/catDB/, , Project: ProjectReference(file:/Users/Messi/Development/activator-1.3.5-minimal/catDB/,root))))
Sending msg to client play-fork-run-a6fe1335-ee5c-49da-b9c1-045def8b2a19: TaskFinished(10,511,None,true,None)
Sending msg to client play-fork-run-a6fe1335-ee5c-49da-b9c1-045def8b2a19: TaskFinished(10,512,None,true,None)
Sending msg to client play-fork-run-a6fe1335-ee5c-49da-b9c1-045def8b2a19: TaskFinished(10,500,Some(AttributeKey[scala.collection.Seq[sbt.UpdateReport]]("transitiveUpdate") in Scope(Build: file:/Users/Messi/Development/activator-1.3.5-minimal/catDB/, , Project: ProjectReference(file:/Users/Messi/Development/activator-1.3.5-minimal/catDB/,root))),true,None)
Sending msg to client play-fork-run-a6fe1335-ee5c-49da-b9c1-045def8b2a19: TaskFinished(10,470,Some(AttributeKey[sbt.Settings[sbt.Scope]]("settingsData") in Scope(Global)),true,None)
Sending msg to client play-fork-run-a6fe1335-ee5c-49da-b9c1-045def8b2a19: TaskStarted(10,469,None)
Sending msg to client play-fork-run-a6fe1335-ee5c-49da-b9c1-045def8b2a19: TaskStarted(10,480,None)
Sending msg to client play-fork-run-a6fe1335-ee5c-49da-b9c1-045def8b2a19: TaskStarted(10,486,Some(AttributeKey[scala.collection.Seq[sbt.ModuleID]]("projectDependencies") in Scope(Build: file:/Users/Messi/Development/activator-1.3.5-minimal/catDB/, , Project: ProjectReference(file:/Users/Messi/Development/activator-1.3.5-minimal/catDB/,root))))
Sending msg to client play-fork-run-a6fe1335-ee5c-49da-b9c1-045def8b2a19: TaskStarted(10,494,Some(AttributeKey[scala.collection.immutable.Map[org.apache.ivy.core.module.id.ModuleRevisionId,org.apache.ivy.core.module.descriptor.ModuleDescriptor]]("projectDescriptors") in Scope(Build: file:/Users/Messi/Development/activator-1.3.5-minimal/catDB/, , Project: ProjectReference(file:/Users/Messi/Development/activator-1.3.5-minimal/catDB/,root))))
Sending msg to client play-fork-run-a6fe1335-ee5c-49da-b9c1-045def8b2a19: TaskStarted(10,517,Some(AttributeKey[scala.collection.Seq[java.io.File]]("playMonitoredFiles") in Scope(Build: file:/Users/Messi/Development/activator-1.3.5-minimal/catDB/, , Project: ProjectReference(file:/Users/Messi/Development/activator-1.3.5-minimal/catDB/,root))))
Sending msg to client play-fork-run-a6fe1335-ee5c-49da-b9c1-045def8b2a19: TaskFinished(10,504,Some(AttributeKey[scala.collection.immutable.Map[sbt.ModuleID,sbt.SourcePosition]]("dependencyPositions") in Scope(Build: file:/Users/Messi/Development/activator-1.3.5-minimal/catDB/, , Project: ProjectReference(file:/Users/Messi/Development/activator-1.3.5-minimal/catDB/,root))),true,None)
Sending msg to client play-fork-run-a6fe1335-ee5c-49da-b9c1-045def8b2a19: TaskStarted(10,503,Some(AttributeKey[sbt.UnresolvedWarningConfiguration]("unresolvedWarningConfiguration") in Scope(Build: file:/Users/Messi/Development/activator-1.3.5-minimal/catDB/, , Project: ProjectReference(file:/Users/Messi/Development/activator-1.3.5-minimal/catDB/,root), Task: AttributeKey[sbt.UpdateReport]("update"))))
Sending msg to client play-fork-run-a6fe1335-ee5c-49da-b9c1-045def8b2a19: TaskStarted(10,522,None)
Sending msg to client play-fork-run-a6fe1335-ee5c-49da-b9c1-045def8b2a19: TaskStarted(10,523,None)
Sending msg to client play-fork-run-a6fe1335-ee5c-49da-b9c1-045def8b2a19: TaskStarted(10,526,None)
Sending msg to client play-fork-run-a6fe1335-ee5c-49da-b9c1-045def8b2a19: TaskStarted(10,528,None)
Sending msg to client play-fork-run-a6fe1335-ee5c-49da-b9c1-045def8b2a19: TaskStarted(10,529,None)
Sending msg to client play-fork-run-a6fe1335-ee5c-49da-b9c1-045def8b2a19: TaskStarted(10,530,None)
Sending msg to client play-fork-run-a6fe1335-ee5c-49da-b9c1-045def8b2a19: TaskFinished(10,486,Some(AttributeKey[scala.collection.Seq[sbt.ModuleID]]("projectDependencies") in Scope(Build: file:/Users/Messi/Development/activator-1.3.5-minimal/catDB/, , Project: ProjectReference(file:/Users/Messi/Development/activator-1.3.5-minimal/catDB/,root))),true,None)
Sending msg to client play-fork-run-a6fe1335-ee5c-49da-b9c1-045def8b2a19: TaskStarted(10,485,Some(AttributeKey[scala.collection.Seq[sbt.ModuleID]]("allDependencies") in Scope(Build: file:/Users/Messi/Development/activator-1.3.5-minimal/catDB/, , Project: ProjectReference(file:/Users/Messi/Development/activator-1.3.5-minimal/catDB/,root))))
Sending msg to client play-fork-run-a6fe1335-ee5c-49da-b9c1-045def8b2a19: TaskStarted(10,532,None)
Sending msg to client play-fork-run-a6fe1335-ee5c-49da-b9c1-045def8b2a19: TaskStarted(10,533,None)
Sending msg to client play-fork-run-a6fe1335-ee5c-49da-b9c1-045def8b2a19: TaskFinished(10,503,Some(AttributeKey[sbt.UnresolvedWarningConfiguration]("unresolvedWarningConfiguration") in Scope(Build: file:/Users/Messi/Development/activator-1.3.5-minimal/catDB/, , Project: ProjectReference(file:/Users/Messi/Development/activator-1.3.5-minimal/catDB/,root), Task: AttributeKey[sbt.UpdateReport]("update"))),true,None)
Sending msg to client play-fork-run-a6fe1335-ee5c-49da-b9c1-045def8b2a19: TaskFinished(10,522,None,true,None)
Sending msg to client play-fork-run-a6fe1335-ee5c-49da-b9c1-045def8b2a19: TaskFinished(10,523,None,true,None)
Sending msg to client play-fork-run-a6fe1335-ee5c-49da-b9c1-045def8b2a19: TaskStarted(10,521,Some(AttributeKey[scala.collection.Seq[sbt.Attributed[java.io.File]]]("unmanagedJars") in Scope(Build: file:/Users/Messi/Development/activator-1.3.5-minimal/catDB/, , Project: ProjectReference(file:/Users/Messi/Development/activator-1.3.5-minimal/catDB/,root), Config: runtime)))
Sending msg to client play-fork-run-a6fe1335-ee5c-49da-b9c1-045def8b2a19: TaskFinished(10,526,None,true,None)
Sending msg to client play-fork-run-a6fe1335-ee5c-49da-b9c1-045def8b2a19: TaskStarted(10,525,None)
Sending msg to client play-fork-run-a6fe1335-ee5c-49da-b9c1-045def8b2a19: TaskFinished(10,528,None,true,None)
Sending msg to client play-fork-run-a6fe1335-ee5c-49da-b9c1-045def8b2a19: TaskFinished(10,529,None,true,None)
Sending msg to client play-fork-run-a6fe1335-ee5c-49da-b9c1-045def8b2a19: TaskStarted(10,527,Some(AttributeKey[scala.collection.Seq[sbt.Attributed[java.io.File]]]("unmanagedJars") in Scope(Build: file:/Users/Messi/Development/activator-1.3.5-minimal/catDB/, , Project: ProjectReference(file:/Users/Messi/Development/activator-1.3.5-minimal/catDB/,root), Config: compile)))
Sending msg to client play-fork-run-a6fe1335-ee5c-49da-b9c1-045def8b2a19: TaskFinished(10,530,None,true,None)
Sending msg to client play-fork-run-a6fe1335-ee5c-49da-b9c1-045def8b2a19: TaskFinished(10,480,None,true,None)
Sending msg to client play-fork-run-a6fe1335-ee5c-49da-b9c1-045def8b2a19: TaskFinished(10,485,Some(AttributeKey[scala.collection.Seq[sbt.ModuleID]]("allDependencies") in Scope(Build: file:/Users/Messi/Development/activator-1.3.5-minimal/catDB/, , Project: ProjectReference(file:/Users/Messi/Development/activator-1.3.5-minimal/catDB/,root))),true,None)
Sending msg to client play-fork-run-a6fe1335-ee5c-49da-b9c1-045def8b2a19: TaskStarted(10,484,Some(AttributeKey[sbt.ModuleSettings]("moduleSettings") in Scope(Build: file:/Users/Messi/Development/activator-1.3.5-minimal/catDB/, , Project: ProjectReference(file:/Users/Messi/Development/activator-1.3.5-minimal/catDB/,root))))
Sending msg to client play-fork-run-a6fe1335-ee5c-49da-b9c1-045def8b2a19: TaskFinished(10,532,None,true,None)
Sending msg to client play-fork-run-a6fe1335-ee5c-49da-b9c1-045def8b2a19: TaskStarted(10,531,None)
Sending msg to client play-fork-run-a6fe1335-ee5c-49da-b9c1-045def8b2a19: TaskFinished(10,533,None,true,None)
Sending msg to client play-fork-run-a6fe1335-ee5c-49da-b9c1-045def8b2a19: TaskFinished(10,517,Some(AttributeKey[scala.collection.Seq[java.io.File]]("playMonitoredFiles") in Scope(Build: file:/Users/Messi/Development/activator-1.3.5-minimal/catDB/, , Project: ProjectReference(file:/Users/Messi/Development/activator-1.3.5-minimal/catDB/,root))),true,None)
Sending msg to client play-fork-run-a6fe1335-ee5c-49da-b9c1-045def8b2a19: TaskFinished(10,521,Some(AttributeKey[scala.collection.Seq[sbt.Attributed[java.io.File]]]("unmanagedJars") in Scope(Build: file:/Users/Messi/Development/activator-1.3.5-minimal/catDB/, , Project: ProjectReference(file:/Users/Messi/Development/activator-1.3.5-minimal/catDB/,root), Config: runtime)),true,None)
Sending msg to client play-fork-run-a6fe1335-ee5c-49da-b9c1-045def8b2a19: TaskStarted(10,534,None)
Sending msg to client play-fork-run-a6fe1335-ee5c-49da-b9c1-045def8b2a19: TaskFinished(10,527,Some(AttributeKey[scala.collection.Seq[sbt.Attributed[java.io.File]]]("unmanagedJars") in Scope(Build: file:/Users/Messi/Development/activator-1.3.5-minimal/catDB/, , Project: ProjectReference(file:/Users/Messi/Development/activator-1.3.5-minimal/catDB/,root), Config: compile)),true,None)
Sending msg to client play-fork-run-a6fe1335-ee5c-49da-b9c1-045def8b2a19: TaskFinished(10,484,Some(AttributeKey[sbt.ModuleSettings]("moduleSettings") in Scope(Build: file:/Users/Messi/Development/activator-1.3.5-minimal/catDB/, , Project: ProjectReference(file:/Users/Messi/Development/activator-1.3.5-minimal/catDB/,root))),true,None)
Sending msg to client play-fork-run-a6fe1335-ee5c-49da-b9c1-045def8b2a19: TaskFinished(10,531,None,true,None)
Sending msg to client play-fork-run-a6fe1335-ee5c-49da-b9c1-045def8b2a19: TaskFinished(10,494,Some(AttributeKey[scala.collection.immutable.Map[org.apache.ivy.core.module.id.ModuleRevisionId,org.apache.ivy.core.module.descriptor.ModuleDescriptor]]("projectDescriptors") in Scope(Build: file:/Users/Messi/Development/activator-1.3.5-minimal/catDB/, , Project: ProjectReference(file:/Users/Messi/Development/activator-1.3.5-minimal/catDB/,root))),true,None)
Sending msg to client play-fork-run-a6fe1335-ee5c-49da-b9c1-045def8b2a19: TaskStarted(10,493,Some(AttributeKey[sbt.Resolver]("projectResolver") in Scope(Build: file:/Users/Messi/Development/activator-1.3.5-minimal/catDB/, , Project: ProjectReference(file:/Users/Messi/Development/activator-1.3.5-minimal/catDB/,root))))
Sending msg to client play-fork-run-a6fe1335-ee5c-49da-b9c1-045def8b2a19: TaskFinished(10,534,None,true,None)
Sending msg to client play-fork-run-a6fe1335-ee5c-49da-b9c1-045def8b2a19: TaskFinished(10,525,None,true,None)
Sending msg to client play-fork-run-a6fe1335-ee5c-49da-b9c1-045def8b2a19: TaskStarted(10,524,Some(AttributeKey[scala.collection.Seq[sbt.Attributed[java.io.File]]]("unmanagedJars") in Scope(Build: file:/Users/Messi/Development/activator-1.3.5-minimal/catDB/, , Project: ProjectReference(file:/Users/Messi/Development/activator-1.3.5-minimal/catDB/,root), Config: compile)))
Sending msg to client play-fork-run-a6fe1335-ee5c-49da-b9c1-045def8b2a19: TaskFinished(10,493,Some(AttributeKey[sbt.Resolver]("projectResolver") in Scope(Build: file:/Users/Messi/Development/activator-1.3.5-minimal/catDB/, , Project: ProjectReference(file:/Users/Messi/Development/activator-1.3.5-minimal/catDB/,root))),true,None)
Sending msg to client play-fork-run-a6fe1335-ee5c-49da-b9c1-045def8b2a19: TaskStarted(10,490,Some(AttributeKey[scala.collection.Seq[sbt.Resolver]]("fullResolvers") in Scope(Build: file:/Users/Messi/Development/activator-1.3.5-minimal/catDB/, , Project: ProjectReference(file:/Users/Messi/Development/activator-1.3.5-minimal/catDB/,root))))
Sending msg to client play-fork-run-a6fe1335-ee5c-49da-b9c1-045def8b2a19: TaskFinished(10,524,Some(AttributeKey[scala.collection.Seq[sbt.Attributed[java.io.File]]]("unmanagedJars") in Scope(Build: file:/Users/Messi/Development/activator-1.3.5-minimal/catDB/, , Project: ProjectReference(file:/Users/Messi/Development/activator-1.3.5-minimal/catDB/,root), Config: compile)),true,None)
Sending msg to client play-fork-run-a6fe1335-ee5c-49da-b9c1-045def8b2a19: TaskStarted(10,520,None)
Sending msg to client play-fork-run-a6fe1335-ee5c-49da-b9c1-045def8b2a19: TaskFinished(10,490,Some(AttributeKey[scala.collection.Seq[sbt.Resolver]]("fullResolvers") in Scope(Build: file:/Users/Messi/Development/activator-1.3.5-minimal/catDB/, , Project: ProjectReference(file:/Users/Messi/Development/activator-1.3.5-minimal/catDB/,root))),true,None)
Sending msg to client play-fork-run-a6fe1335-ee5c-49da-b9c1-045def8b2a19: TaskStarted(10,488,Some(AttributeKey[sbt.IvyConfiguration]("ivyConfiguration") in Scope(Build: file:/Users/Messi/Development/activator-1.3.5-minimal/catDB/, , Project: ProjectReference(file:/Users/Messi/Development/activator-1.3.5-minimal/catDB/,root))))
Sending msg to client play-fork-run-a6fe1335-ee5c-49da-b9c1-045def8b2a19: TaskFinished(10,520,None,true,None)
Sending msg to client play-fork-run-a6fe1335-ee5c-49da-b9c1-045def8b2a19: TaskStarted(10,519,None)
Sending msg to client play-fork-run-a6fe1335-ee5c-49da-b9c1-045def8b2a19: TaskFinished(10,488,Some(AttributeKey[sbt.IvyConfiguration]("ivyConfiguration") in Scope(Build: file:/Users/Messi/Development/activator-1.3.5-minimal/catDB/, , Project: ProjectReference(file:/Users/Messi/Development/activator-1.3.5-minimal/catDB/,root))),true,None)
Sending msg to client play-fork-run-a6fe1335-ee5c-49da-b9c1-045def8b2a19: TaskStarted(10,487,Some(AttributeKey[sbt.IvySbt]("ivySbt") in Scope(Build: file:/Users/Messi/Development/activator-1.3.5-minimal/catDB/, , Project: ProjectReference(file:/Users/Messi/Development/activator-1.3.5-minimal/catDB/,root))))
Sending msg to client play-fork-run-a6fe1335-ee5c-49da-b9c1-045def8b2a19: TaskFinished(10,519,None,true,None)
Sending msg to client play-fork-run-a6fe1335-ee5c-49da-b9c1-045def8b2a19: TaskFinished(10,469,None,true,None)
Sending msg to client play-fork-run-a6fe1335-ee5c-49da-b9c1-045def8b2a19: TaskStarted(10,468,Some(AttributeKey[scala.collection.Seq[sbt.Attributed[java.io.File]]]("unmanagedClasspath") in Scope(Build: file:/Users/Messi/Development/activator-1.3.5-minimal/catDB/, , Project: ProjectReference(file:/Users/Messi/Development/activator-1.3.5-minimal/catDB/,root), Config: runtime)))
Sending msg to client play-fork-run-a6fe1335-ee5c-49da-b9c1-045def8b2a19: TaskFinished(10,487,Some(AttributeKey[sbt.IvySbt]("ivySbt") in Scope(Build: file:/Users/Messi/Development/activator-1.3.5-minimal/catDB/, , Project: ProjectReference(file:/Users/Messi/Development/activator-1.3.5-minimal/catDB/,root))),true,None)
Sending msg to client play-fork-run-a6fe1335-ee5c-49da-b9c1-045def8b2a19: TaskStarted(10,483,Some(AttributeKey[sbt.IvySbt$Module]("ivyModule") in Scope(Build: file:/Users/Messi/Development/activator-1.3.5-minimal/catDB/, , Project: ProjectReference(file:/Users/Messi/Development/activator-1.3.5-minimal/catDB/,root))))
Sending msg to client play-fork-run-a6fe1335-ee5c-49da-b9c1-045def8b2a19: TaskFinished(10,468,Some(AttributeKey[scala.collection.Seq[sbt.Attributed[java.io.File]]]("unmanagedClasspath") in Scope(Build: file:/Users/Messi/Development/activator-1.3.5-minimal/catDB/, , Project: ProjectReference(file:/Users/Messi/Development/activator-1.3.5-minimal/catDB/,root), Config: runtime)),true,None)
Sending msg to client play-fork-run-a6fe1335-ee5c-49da-b9c1-045def8b2a19: TaskFinished(10,483,Some(AttributeKey[sbt.IvySbt$Module]("ivyModule") in Scope(Build: file:/Users/Messi/Development/activator-1.3.5-minimal/catDB/, , Project: ProjectReference(file:/Users/Messi/Development/activator-1.3.5-minimal/catDB/,root))),true,None)
Sending msg to client play-fork-run-a6fe1335-ee5c-49da-b9c1-045def8b2a19: TaskStarted(10,478,Some(AttributeKey[sbt.UpdateReport]("update") in Scope(Build: file:/Users/Messi/Development/activator-1.3.5-minimal/catDB/, , Project: ProjectReference(file:/Users/Messi/Development/activator-1.3.5-minimal/catDB/,root))))
Sending msg to client play-fork-run-a6fe1335-ee5c-49da-b9c1-045def8b2a19: TaskFinished(10,478,Some(AttributeKey[sbt.UpdateReport]("update") in Scope(Build: file:/Users/Messi/Development/activator-1.3.5-minimal/catDB/, , Project: ProjectReference(file:/Users/Messi/Development/activator-1.3.5-minimal/catDB/,root))),true,None)
Sending msg to client play-fork-run-a6fe1335-ee5c-49da-b9c1-045def8b2a19: TaskStarted(10,477,Some(AttributeKey[sbt.UpdateReport]("update") in Scope(Build: file:/Users/Messi/Development/activator-1.3.5-minimal/catDB/, , Project: ProjectReference(file:/Users/Messi/Development/activator-1.3.5-minimal/catDB/,root))))
Sending msg to client play-fork-run-a6fe1335-ee5c-49da-b9c1-045def8b2a19: TaskFinished(10,477,Some(AttributeKey[sbt.UpdateReport]("update") in Scope(Build: file:/Users/Messi/Development/activator-1.3.5-minimal/catDB/, , Project: ProjectReference(file:/Users/Messi/Development/activator-1.3.5-minimal/catDB/,root))),true,None)
Sending msg to client play-fork-run-a6fe1335-ee5c-49da-b9c1-045def8b2a19: TaskStarted(10,509,Some(AttributeKey[sbt.Configuration]("classpathConfiguration") in Scope(Build: file:/Users/Messi/Development/activator-1.3.5-minimal/catDB/, , Project: ProjectReference(file:/Users/Messi/Development/activator-1.3.5-minimal/catDB/,root), Config: compile)))
Sending msg to client play-fork-run-a6fe1335-ee5c-49da-b9c1-045def8b2a19: TaskStarted(10,513,Some(AttributeKey[scala.collection.Seq[sbt.Attributed[java.io.File]]]("managedClasspath") in Scope(Build: file:/Users/Messi/Development/activator-1.3.5-minimal/catDB/, , Project: ProjectReference(file:/Users/Messi/Development/activator-1.3.5-minimal/catDB/,root), Config: docs)))
Sending msg to client play-fork-run-a6fe1335-ee5c-49da-b9c1-045def8b2a19: TaskFinished(10,509,Some(AttributeKey[sbt.Configuration]("classpathConfiguration") in Scope(Build: file:/Users/Messi/Development/activator-1.3.5-minimal/catDB/, , Project: ProjectReference(file:/Users/Messi/Development/activator-1.3.5-minimal/catDB/,root), Config: compile)),true,None)
Sending msg to client play-fork-run-a6fe1335-ee5c-49da-b9c1-045def8b2a19: TaskStarted(10,508,None)
Sending msg to client play-fork-run-a6fe1335-ee5c-49da-b9c1-045def8b2a19: TaskFinished(10,513,Some(AttributeKey[scala.collection.Seq[sbt.Attributed[java.io.File]]]("managedClasspath") in Scope(Build: file:/Users/Messi/Development/activator-1.3.5-minimal/catDB/, , Project: ProjectReference(file:/Users/Messi/Development/activator-1.3.5-minimal/catDB/,root), Config: docs)),true,None)
Sending msg to client play-fork-run-a6fe1335-ee5c-49da-b9c1-045def8b2a19: TaskStarted(10,514,Some(AttributeKey[scala.Option[java.io.File]]("playDocsJar") in Scope(Build: file:/Users/Messi/Development/activator-1.3.5-minimal/catDB/, , Project: ProjectReference(file:/Users/Messi/Development/activator-1.3.5-minimal/catDB/,root))))
Sending msg to client play-fork-run-a6fe1335-ee5c-49da-b9c1-045def8b2a19: TaskFinished(10,514,Some(AttributeKey[scala.Option[java.io.File]]("playDocsJar") in Scope(Build: file:/Users/Messi/Development/activator-1.3.5-minimal/catDB/, , Project: ProjectReference(file:/Users/Messi/Development/activator-1.3.5-minimal/catDB/,root))),true,None)
Sending msg to client play-fork-run-a6fe1335-ee5c-49da-b9c1-045def8b2a19: TaskFinished(10,508,None,true,None)
Sending msg to client play-fork-run-a6fe1335-ee5c-49da-b9c1-045def8b2a19: TaskStarted(10,507,Some(AttributeKey[sbt.Configuration]("classpathConfiguration") in Scope(Build: file:/Users/Messi/Development/activator-1.3.5-minimal/catDB/, , Project: ProjectReference(file:/Users/Messi/Development/activator-1.3.5-minimal/catDB/,root), Config: runtime)))
Sending msg to client play-fork-run-a6fe1335-ee5c-49da-b9c1-045def8b2a19: TaskFinished(10,507,Some(AttributeKey[sbt.Configuration]("classpathConfiguration") in Scope(Build: file:/Users/Messi/Development/activator-1.3.5-minimal/catDB/, , Project: ProjectReference(file:/Users/Messi/Development/activator-1.3.5-minimal/catDB/,root), Config: runtime)),true,None)
Sending msg to client play-fork-run-a6fe1335-ee5c-49da-b9c1-045def8b2a19: TaskStarted(10,476,None)
Sending msg to client play-fork-run-a6fe1335-ee5c-49da-b9c1-045def8b2a19: TaskFinished(10,476,None,true,None)
Sending msg to client play-fork-run-a6fe1335-ee5c-49da-b9c1-045def8b2a19: TaskStarted(10,475,Some(AttributeKey[scala.collection.Seq[sbt.Attributed[java.io.File]]]("managedClasspath") in Scope(Build: file:/Users/Messi/Development/activator-1.3.5-minimal/catDB/, , Project: ProjectReference(file:/Users/Messi/Development/activator-1.3.5-minimal/catDB/,root), Config: runtime)))
Sending msg to client play-fork-run-a6fe1335-ee5c-49da-b9c1-045def8b2a19: TaskFinished(10,475,Some(AttributeKey[scala.collection.Seq[sbt.Attributed[java.io.File]]]("managedClasspath") in Scope(Build: file:/Users/Messi/Development/activator-1.3.5-minimal/catDB/, , Project: ProjectReference(file:/Users/Messi/Development/activator-1.3.5-minimal/catDB/,root), Config: runtime)),true,None)
Sending msg to client play-fork-run-a6fe1335-ee5c-49da-b9c1-045def8b2a19: TaskStarted(10,467,None)
Sending msg to client play-fork-run-a6fe1335-ee5c-49da-b9c1-045def8b2a19: TaskFinished(10,467,None,true,None)
Sending msg to client play-fork-run-a6fe1335-ee5c-49da-b9c1-045def8b2a19: TaskStarted(10,466,Some(AttributeKey[scala.collection.Seq[sbt.Attributed[java.io.File]]]("playDependencyClasspath") in Scope(Build: file:/Users/Messi/Development/activator-1.3.5-minimal/catDB/, , Project: ProjectReference(file:/Users/Messi/Development/activator-1.3.5-minimal/catDB/,root))))
Sending msg to client play-fork-run-a6fe1335-ee5c-49da-b9c1-045def8b2a19: TaskFinished(10,466,Some(AttributeKey[scala.collection.Seq[sbt.Attributed[java.io.File]]]("playDependencyClasspath") in Scope(Build: file:/Users/Messi/Development/activator-1.3.5-minimal/catDB/, , Project: ProjectReference(file:/Users/Messi/Development/activator-1.3.5-minimal/catDB/,root))),true,None)
Sending msg to client play-fork-run-a6fe1335-ee5c-49da-b9c1-045def8b2a19: TaskStarted(10,463,Some(AttributeKey[play.forkrun.protocol.ForkConfig]("playForkConfig") in Scope(Build: file:/Users/Messi/Development/activator-1.3.5-minimal/catDB/, , Project: ProjectReference(file:/Users/Messi/Development/activator-1.3.5-minimal/catDB/,root))))
Sending msg to client play-fork-run-a6fe1335-ee5c-49da-b9c1-045def8b2a19: TaskFinished(10,463,Some(AttributeKey[play.forkrun.protocol.ForkConfig]("playForkConfig") in Scope(Build: file:/Users/Messi/Development/activator-1.3.5-minimal/catDB/, , Project: ProjectReference(file:/Users/Messi/Development/activator-1.3.5-minimal/catDB/,root))),true,None)
Sending msg to client play-fork-run-a6fe1335-ee5c-49da-b9c1-045def8b2a19: DetachedLogEvent(LogStdErr(No dynamic serializer found (using manifest play.forkrun.protocol.ForkConfig) for ForkConfig(/Users/Messi/Development/activator-1.3.5-minimal/catDB,List(),List(/Users/Messi/.ivy2/cache/org.scala-lang/scala-library/jars/scala-library-2.11.6.jar, /Users/Messi/.ivy2/cache/com.typesafe.play/play-enhancer/jars/play-enhancer-1.1.0.jar, /Users/Messi/.ivy2/cache/com.typesafe.play/twirl-api_2.11/jars/twirl-api_2.11-1.1.1.jar, /Users/Messi/.ivy2/cache/org.apache.commons/commons-lang3/jars/commons-lang3-3.4.jar, /Users/Messi/.ivy2/cache/org.scala-lang.modules/scala-xml_2.11/bundles/scala-xml_2.11-1.0.1.jar, /Users/Messi/.ivy2/cache/com.typesafe.play/play-ebean_2.11/jars/play-ebean_2.11-1.0.0.jar, /Users/Messi/.ivy2/cache/com.typesafe.play/play-java-jdbc_2.11/jars/play-java-jdbc_2.11-2.4.2.jar, /Users/Messi/.ivy2/cache/com.typesafe.play/play-jdbc_2.11/jars/play-jdbc_2.11-2.4.2.jar, /Users/Messi/.ivy2/cache/com.typesafe.play/play-jdbc-api_2.11/jars/play-jdbc-api_2.11-2.4.2.jar, /Users/Messi/.ivy2/cache/com.typesafe.play/play_2.11/jars/play_2.11-2.4.2.jar, /Users/Messi/.ivy2/cache/com.typesafe.play/build-link/jars/build-link-2.4.2.jar, /Users/Messi/.ivy2/cache/com.typesafe.play/play-exceptions/jars/play-exceptions-2.4.2.jar, /Users/Messi/.ivy2/cache/org.javassist/javassist/bundles/javassist-3.19.0-GA.jar, /Users/Messi/.ivy2/cache/com.typesafe.play/play-iteratees_2.11/jars/play-iteratees_2.11-2.4.2.jar, /Users/Messi/.ivy2/cache/org.scala-stm/scala-stm_2.11/jars/scala-stm_2.11-0.7.jar, /Users/Messi/.ivy2/cache/com.typesafe/config/bundles/config-1.3.0.jar, /Users/Messi/.ivy2/cache/com.typesafe.play/play-json_2.11/jars/play-json_2.11-2.4.2.jar, /Users/Messi/.ivy2/cache/com.typesafe.play/play-functional_2.11/jars/play-functional_2.11-2.4.2.jar, /Users/Messi/.ivy2/cache/com.typesafe.play/play-datacommons_2.11/jars/play-datacommons_2.11-2.4.2.jar, /Users/Messi/.ivy2/cache/joda-time/joda-time/jars/joda-time-2.8.1.jar, /Users/Messi/.ivy2/cache/org.joda/joda-convert/jars/joda-convert-1.7.jar, /Users/Messi/.ivy2/cache/org.scala-lang/scala-reflect/jars/scala-reflect-2.11.6.jar, /Users/Messi/.ivy2/cache/com.fasterxml.jackson.core/jackson-core/bundles/jackson-core-2.5.4.jar, /Users/Messi/.ivy2/cache/com.fasterxml.jackson.core/jackson-annotations/bundles/jackson-annotations-2.5.4.jar, /Users/Messi/.ivy2/cache/com.fasterxml.jackson.core/jackson-databind/bundles/jackson-databind-2.5.4.jar, /Users/Messi/.ivy2/cache/com.fasterxml.jackson.datatype/jackson-datatype-jdk8/bundles/jackson-datatype-jdk8-2.5.4.jar, /Users/Messi/.ivy2/cache/com.fasterxml.jackson.datatype/jackson-datatype-jsr310/bundles/jackson-datatype-jsr310-2.5.4.jar, /Users/Messi/.ivy2/cache/com.typesafe.play/play-netty-utils/jars/play-netty-utils-2.4.2.jar, /Users/Messi/.ivy2/cache/org.slf4j/slf4j-api/jars/slf4j-api-1.7.12.jar, /Users/Messi/.ivy2/cache/org.slf4j/jul-to-slf4j/jars/jul-to-slf4j-1.7.12.jar, /Users/Messi/.ivy2/cache/org.slf4j/jcl-over-slf4j/jars/jcl-over-slf4j-1.7.12.jar, /Users/Messi/.ivy2/cache/org.scala-lang.modules/scala-parser-combinators_2.11/bundles/scala-parser-combinators_2.11-1.0.1.jar, /Users/Messi/.ivy2/cache/ch.qos.logback/logback-core/jars/logback-core-1.1.3.jar, /Users/Messi/.ivy2/cache/ch.qos.logback/logback-classic/jars/logback-classic-1.1.3.jar, /Users/Messi/.ivy2/cache/com.typesafe.akka/akka-actor_2.11/jars/akka-actor_2.11-2.3.11.jar, /Users/Messi/.ivy2/cache/com.typesafe.akka/akka-slf4j_2.11/jars/akka-slf4j_2.11-2.3.11.jar, /Users/Messi/.ivy2/cache/commons-codec/commons-codec/jars/commons-codec-1.10.jar, /Users/Messi/.ivy2/cache/xerces/xercesImpl/jars/xercesImpl-2.11.0.jar, /Users/Messi/.ivy2/cache/xml-apis/xml-apis/jars/xml-apis-1.4.01.jar, /Users/Messi/.ivy2/cache/javax.transaction/jta/jars/jta-1.1.jar, /Users/Messi/.ivy2/cache/com.google.inject/guice/jars/guice-4.0.jar, /Users/Messi/.ivy2/cache/javax.inject/javax.inject/jars/javax.inject-1.jar, /Users/Messi/.ivy2/cache/aopalliance/aopalliance/jars/aopalliance-1.0.jar, /Users/Messi/.ivy2/cache/com.google.inject.extensions/guice-assistedinject/jars/guice-assistedinject-4.0.jar, /Users/Messi/.ivy2/cache/com.jolbox/bonecp/bundles/bonecp-0.8.0.RELEASE.jar, /Users/Messi/.ivy2/cache/com.zaxxer/HikariCP/bundles/HikariCP-2.3.7.jar, /Users/Messi/.ivy2/cache/com.h2database/h2/jars/h2-1.4.187.jar, /Users/Messi/.ivy2/cache/tyrex/tyrex/jars/tyrex-1.0.1.jar, /Users/Messi/.ivy2/cache/com.typesafe.play/play-java_2.11/jars/play-java_2.11-2.4.2.jar, /Users/Messi/.ivy2/cache/org.scala-lang.modules/scala-java8-compat_2.11/bundles/scala-java8-compat_2.11-0.3.0.jar, /Users/Messi/.ivy2/cache/org.yaml/snakeyaml/bundles/snakeyaml-1.15.jar, /Users/Messi/.ivy2/cache/org.hibernate/hibernate-validator/jars/hibernate-validator-5.0.3.Final.jar, /Users/Messi/.ivy2/cache/javax.validation/validation-api/jars/validation-api-1.1.0.Final.jar, /Users/Messi/.ivy2/cache/com.fasterxml/classmate/bundles/classmate-1.0.0.jar, /Users/Messi/.ivy2/cache/org.jboss.logging/jboss-logging/jars/jboss-logging-3.2.1.Final.jar, /Users/Messi/.ivy2/cache/org.springframework/spring-context/jars/spring-context-4.1.6.RELEASE.jar, /Users/Messi/.ivy2/cache/org.springframework/spring-core/jars/spring-core-4.1.6.RELEASE.jar, /Users/Messi/.ivy2/cache/org.springframework/spring-beans/jars/spring-beans-4.1.6.RELEASE.jar, /Users/Messi/.ivy2/cache/org.reflections/reflections/jars/reflections-0.9.9.jar, /Users/Messi/.ivy2/cache/com.google.guava/guava/bundles/guava-18.0.jar, /Users/Messi/.ivy2/cache/com.google.code.findbugs/annotations/jars/annotations-2.0.1.jar, /Users/Messi/.ivy2/cache/net.jodah/typetools/bundles/typetools-0.4.1.jar, /Users/Messi/.ivy2/cache/com.google.code.findbugs/jsr305/jars/jsr305-2.0.3.jar, /Users/Messi/.ivy2/cache/org.apache.tomcat/tomcat-servlet-api/jars/tomcat-servlet-api-8.0.21.jar, /Users/Messi/.ivy2/cache/com.typesafe.play/play-jdbc-evolutions_2.11/jars/play-jdbc-evolutions_2.11-2.4.0.jar, /Users/Messi/.ivy2/cache/org.avaje.ebeanorm/avaje-ebeanorm/jars/avaje-ebeanorm-4.6.2.jar, /Users/Messi/.ivy2/cache/javax.persistence/persistence-api/jars/persistence-api-1.0.jar, /Users/Messi/.ivy2/cache/org.avaje.ebeanorm/avaje-ebeanorm-agent/jars/avaje-ebeanorm-agent-4.5.3.jar, /Users/Messi/.ivy2/cache/com.typesafe.play/play-server_2.11/jars/play-server_2.11-2.4.2.jar, /Users/Messi/.ivy2/cache/com.typesafe.play/play-netty-server_2.11/jars/play-netty-server_2.11-2.4.2.jar, /Users/Messi/.ivy2/cache/io.netty/netty/bundles/netty-3.10.3.Final.jar, /Users/Messi/.ivy2/cache/com.typesafe.netty/netty-http-pipelining/jars/netty-http-pipelining-1.1.4.jar, /Users/Messi/.ivy2/cache/com.typesafe.play/play-cache_2.11/jars/play-cache_2.11-2.4.2.jar, /Users/Messi/.ivy2/cache/net.sf.ehcache/ehcache-core/jars/ehcache-core-2.6.11.jar, /Users/Messi/.ivy2/cache/com.typesafe.play/play-java-ws_2.11/jars/play-java-ws_2.11-2.4.2.jar, /Users/Messi/.ivy2/cache/com.typesafe.play/play-ws_2.11/jars/play-ws_2.11-2.4.2.jar, /Users/Messi/.ivy2/cache/com.ning/async-http-client/jars/async-http-client-1.9.21.jar, /Users/Messi/.ivy2/cache/oauth.signpost/signpost-core/jars/signpost-core-1.2.1.2.jar, /Users/Messi/.ivy2/cache/oauth.signpost/signpost-commonshttp4/jars/signpost-commonshttp4-1.2.1.2.jar, /Users/Messi/.ivy2/cache/org.apache.httpcomponents/httpcore/jars/httpcore-4.0.1.jar, /Users/Messi/.ivy2/cache/org.apache.httpcomponents/httpclient/jars/httpclient-4.0.1.jar, /Users/Messi/.ivy2/cache/commons-logging/commons-logging/jars/commons-logging-1.1.1.jar),List((public/,/Users/Messi/Development/activator-1.3.5-minimal/catDB/target/web/public/main)),List(/Users/Messi/.ivy2/cache/com.typesafe.play/play-omnidoc_2.11/jars/play-omnidoc_2.11-2.4.2.jar, /Users/Messi/.ivy2/cache/org.scala-lang/scala-library/jars/scala-library-2.11.6.jar, /Users/Messi/.ivy2/cache/com.typesafe.play/play-docs_2.11/jars/play-docs_2.11-2.4.2.jar, /Users/Messi/.ivy2/cache/com.typesafe.play/play-netty-server_2.11/jars/play-netty-server_2.11-2.4.2.jar, /Users/Messi/.ivy2/cache/com.typesafe.play/play-server_2.11/jars/play-server_2.11-2.4.2.jar, /Users/Messi/.ivy2/cache/com.typesafe.play/play_2.11/jars/play_2.11-2.4.2.jar, /Users/Messi/.ivy2/cache/com.typesafe.play/build-link/jars/build-link-2.4.2.jar, /Users/Messi/.ivy2/cache/com.typesafe.play/play-exceptions/jars/play-exceptions-2.4.2.jar, /Users/Messi/.ivy2/cache/org.javassist/javassist/bundles/javassist-3.19.0-GA.jar, /Users/Messi/.ivy2/cache/com.typesafe.play/play-iteratees_2.11/jars/play-iteratees_2.11-2.4.2.jar, /Users/Messi/.ivy2/cache/org.scala-stm/scala-stm_2.11/jars/scala-stm_2.11-0.7.jar, /Users/Messi/.ivy2/cache/com.typesafe/config/bundles/config-1.3.0.jar, /Users/Messi/.ivy2/cache/com.typesafe.play/play-json_2.11/jars/play-json_2.11-2.4.2.jar, /Users/Messi/.ivy2/cache/com.typesafe.play/play-functional_2.11/jars/play-functional_2.11-2.4.2.jar, /Users/Messi/.ivy2/cache/com.typesafe.play/play-datacommons_2.11/jars/play-datacommons_2.11-2.4.2.jar, /Users/Messi/.ivy2/cache/joda-time/joda-time/jars/joda-time-2.8.1.jar, /Users/Messi/.ivy2/cache/org.joda/joda-convert/jars/joda-convert-1.7.jar, /Users/Messi/.ivy2/cache/org.scala-lang/scala-reflect/jars/scala-reflect-2.11.6.jar, /Users/Messi/.ivy2/cache/com.fasterxml.jackson.core/jackson-core/bundles/jackson-core-2.5.4.jar, /Users/Messi/.ivy2/cache/com.fasterxml.jackson.core/jackson-annotations/bundles/jackson-annotations-2.5.4.jar, /Users/Messi/.ivy2/cache/com.fasterxml.jackson.core/jackson-databind/bundles/jackson-databind-2.5.4.jar, /Users/Messi/.ivy2/cache/com.fasterxml.jackson.datatype/jackson-datatype-jdk8/bundles/jackson-datatype-jdk8-2.5.4.jar, /Users/Messi/.ivy2/cache/com.fasterxml.jackson.datatype/jackson-datatype-jsr310/bundles/jackson-datatype-jsr310-2.5.4.jar, /Users/Messi/.ivy2/cache/com.typesafe.play/play-netty-utils/jars/play-netty-utils-2.4.2.jar, /Users/Messi/.ivy2/cache/org.slf4j/slf4j-api/jars/slf4j-api-1.7.12.jar, /Users/Messi/.ivy2/cache/org.slf4j/jul-to-slf4j/jars/jul-to-slf4j-1.7.12.jar, /Users/Messi/.ivy2/cache/org.slf4j/jcl-over-slf4j/jars/jcl-over-slf4j-1.7.12.jar, /Users/Messi/.ivy2/cache/com.typesafe.play/twirl-api_2.11/jars/twirl-api_2.11-1.1.1.jar, /Users/Messi/.ivy2/cache/org.apache.commons/commons-lang3/jars/commons-lang3-3.4.jar, /Users/Messi/.ivy2/cache/org.scala-lang.modules/scala-xml_2.11/bundles/scala-xml_2.11-1.0.1.jar, /Users/Messi/.ivy2/cache/org.scala-lang.modules/scala-parser-combinators_2.11/bundles/scala-parser-combinators_2.11-1.0.1.jar, /Users/Messi/.ivy2/cache/ch.qos.logback/logback-core/jars/logback-core-1.1.3.jar, /Users/Messi/.ivy2/cache/ch.qos.logback/logback-classic/jars/logback-classic-1.1.3.jar, /Users/Messi/.ivy2/cache/com.typesafe.akka/akka-actor_2.11/jars/akka-actor_2.11-2.3.11.jar, /Users/Messi/.ivy2/cache/com.typesafe.akka/akka-slf4j_2.11/jars/akka-slf4j_2.11-2.3.11.jar, /Users/Messi/.ivy2/cache/commons-codec/commons-codec/jars/commons-codec-1.10.jar, /Users/Messi/.ivy2/cache/xerces/xercesImpl/jars/xercesImpl-2.11.0.jar, /Users/Messi/.ivy2/cache/xml-apis/xml-apis/jars/xml-apis-1.4.01.jar, /Users/Messi/.ivy2/cache/javax.transaction/jta/jars/jta-1.1.jar, /Users/Messi/.ivy2/cache/com.google.inject/guice/jars/guice-4.0.jar, /Users/Messi/.ivy2/cache/javax.inject/javax.inject/jars/javax.inject-1.jar, /Users/Messi/.ivy2/cache/aopalliance/aopalliance/jars/aopalliance-1.0.jar, /Users/Messi/.ivy2/cache/com.google.guava/guava/bundles/guava-16.0.1.jar, /Users/Messi/.ivy2/cache/com.google.inject.extensions/guice-assistedinject/jars/guice-assistedinject-4.0.jar, /Users/Messi/.ivy2/cache/io.netty/netty/bundles/netty-3.10.3.Final.jar, /Users/Messi/.ivy2/cache/com.typesafe.netty/netty-http-pipelining/jars/netty-http-pipelining-1.1.4.jar, /Users/Messi/.ivy2/cache/com.typesafe.play/play-doc_2.11/jars/play-doc_2.11-1.2.2.jar, /Users/Messi/.ivy2/cache/org.pegdown/pegdown/jars/pegdown-1.4.0.jar, /Users/Messi/.ivy2/cache/org.parboiled/parboiled-java/bundles/parboiled-java-1.1.5.jar, /Users/Messi/.ivy2/cache/org.parboiled/parboiled-core/bundles/parboiled-core-1.1.5.jar, /Users/Messi/.ivy2/cache/org.ow2.asm/asm/jars/asm-4.1.jar, /Users/Messi/.ivy2/cache/org.ow2.asm/asm-tree/jars/asm-tree-4.1.jar, /Users/Messi/.ivy2/cache/org.ow2.asm/asm-analysis/jars/asm-analysis-4.1.jar, /Users/Messi/.ivy2/cache/org.ow2.asm/asm-util/jars/asm-util-4.1.jar, /Users/Messi/.ivy2/cache/commons-io/commons-io/jars/commons-io-2.4.jar),Some(/Users/Messi/.ivy2/cache/com.typesafe.play/play-omnidoc_2.11/jars/play-omnidoc_2.11-2.4.2.jar),List(),9000,0.0.0.0,DefaultWatchService,List(/Users/Messi/Development/activator-1.3.5-minimal/catDB/public, /Users/Messi/Development/activator-1.3.5-minimal/catDB/conf, /Users/Messi/Development/activator-1.3.5-minimal/catDB/app),/Users/Messi/Development/activator-1.3.5-minimal/catDB/target,500,root/playForkNotifyStart,root/playForkReload,300000,play.core.server.DevServerStart)))
Sending msg to client play-fork-run-a6fe1335-ee5c-49da-b9c1-045def8b2a19: ValueChanged(AttributeKey[play.forkrun.protocol.ForkConfig]("playForkConfig") in Scope(Build: file:/Users/Messi/Development/activator-1.3.5-minimal/catDB/, , Project: ProjectReference(file:/Users/Messi/Development/activator-1.3.5-minimal/catDB/,root)),TaskSuccess(BuildValue(LazyValue(TransientValue(),sbt.server.TransientValue$SbtServerTransientValuePickler1$2$@6a22f43a),ForkConfig(/Users/Messi/Development/activator-1.3.5-minimal/catDB,List(),List(/Users/Messi/.ivy2/cache/org.scala-lang/scala-library/jars/scala-library-2.11.6.jar, /Users/Messi/.ivy2/cache/com.typesafe.play/play-enhancer/jars/play-enhancer-1.1.0.jar, /Users/Messi/.ivy2/cache/com.typesafe.play/twirl-api_2.11/jars/twirl-api_2.11-1.1.1.jar, /Users/Messi/.ivy2/cache/org.apache.commons/commons-lang3/jars/commons-lang3-3.4.jar, /Users/Messi/.ivy2/cache/org.scala-lang.modules/scala-xml_2.11/bundles/scala-xml_2.11-1.0.1.jar, /Users/Messi/.ivy2/cache/com.typesafe.play/play-ebean_2.11/jars/play-ebean_2.11-1.0.0.jar, /Users/Messi/.ivy2/cache/com.typesafe.play/play-java-jdbc_2.11/jars/play-java-jdbc_2.11-2.4.2.jar, /Users/Messi/.ivy2/cache/com.typesafe.play/play-jdbc_2.11/jars/play-jdbc_2.11-2.4.2.jar, /Users/Messi/.ivy2/cache/com.typesafe.play/play-jdbc-api_2.11/jars/play-jdbc-api_2.11-2.4.2.jar, /Users/Messi/.ivy2/cache/com.typesafe.play/play_2.11/jars/play_2.11-2.4.2.jar, /Users/Messi/.ivy2/cache/com.typesafe.play/build-link/jars/build-link-2.4.2.jar, /Users/Messi/.ivy2/cache/com.typesafe.play/play-exceptions/jars/play-exceptions-2.4.2.jar, /Users/Messi/.ivy2/cache/org.javassist/javassist/bundles/javassist-3.19.0-GA.jar, /Users/Messi/.ivy2/cache/com.typesafe.play/play-iteratees_2.11/jars/play-iteratees_2.11-2.4.2.jar, /Users/Messi/.ivy2/cache/org.scala-stm/scala-stm_2.11/jars/scala-stm_2.11-0.7.jar, /Users/Messi/.ivy2/cache/com.typesafe/config/bundles/config-1.3.0.jar, /Users/Messi/.ivy2/cache/com.typesafe.play/play-json_2.11/jars/play-json_2.11-2.4.2.jar, /Users/Messi/.ivy2/cache/com.typesafe.play/play-functional_2.11/jars/play-functional_2.11-2.4.2.jar, /Users/Messi/.ivy2/cache/com.typesafe.play/play-datacommons_2.11/jars/play-datacommons_2.11-2.4.2.jar, /Users/Messi/.ivy2/cache/joda-time/joda-time/jars/joda-time-2.8.1.jar, /Users/Messi/.ivy2/cache/org.joda/joda-convert/jars/joda-convert-1.7.jar, /Users/Messi/.ivy2/cache/org.scala-lang/scala-reflect/jars/scala-reflect-2.11.6.jar, /Users/Messi/.ivy2/cache/com.fasterxml.jackson.core/jackson-core/bundles/jackson-core-2.5.4.jar, /Users/Messi/.ivy2/cache/com.fasterxml.jackson.core/jackson-annotations/bundles/jackson-annotations-2.5.4.jar, /Users/Messi/.ivy2/cache/com.fasterxml.jackson.core/jackson-databind/bundles/jackson-databind-2.5.4.jar, /Users/Messi/.ivy2/cache/com.fasterxml.jackson.datatype/jackson-datatype-jdk8/bundles/jackson-datatype-jdk8-2.5.4.jar, /Users/Messi/.ivy2/cache/com.fasterxml.jackson.datatype/jackson-datatype-jsr310/bundles/jackson-datatype-jsr310-2.5.4.jar, /Users/Messi/.ivy2/cache/com.typesafe.play/play-netty-utils/jars/play-netty-utils-2.4.2.jar, /Users/Messi/.ivy2/cache/org.slf4j/slf4j-api/jars/slf4j-api-1.7.12.jar, /Users/Messi/.ivy2/cache/org.slf4j/jul-to-slf4j/jars/jul-to-slf4j-1.7.12.jar, /Users/Messi/.ivy2/cache/org.slf4j/jcl-over-slf4j/jars/jcl-over-slf4j-1.7.12.jar, /Users/Messi/.ivy2/cache/org.scala-lang.modules/scala-parser-combinators_2.11/bundles/scala-parser-combinators_2.11-1.0.1.jar, /Users/Messi/.ivy2/cache/ch.qos.logback/logback-core/jars/logback-core-1.1.3.jar, /Users/Messi/.ivy2/cache/ch.qos.logback/logback-classic/jars/logback-classic-1.1.3.jar, /Users/Messi/.ivy2/cache/com.typesafe.akka/akka-actor_2.11/jars/akka-actor_2.11-2.3.11.jar, /Users/Messi/.ivy2/cache/com.typesafe.akka/akka-slf4j_2.11/jars/akka-slf4j_2.11-2.3.11.jar, /Users/Messi/.ivy2/cache/commons-codec/commons-codec/jars/commons-codec-1.10.jar, /Users/Messi/.ivy2/cache/xerces/xercesImpl/jars/xercesImpl-2.11.0.jar, /Users/Messi/.ivy2/cache/xml-apis/xml-apis/jars/xml-apis-1.4.01.jar, /Users/Messi/.ivy2/cache/javax.transaction/jta/jars/jta-1.1.jar, /Users/Messi/.ivy2/cache/com.google.inject/guice/jars/guice-4.0.jar, /Users/Messi/.ivy2/cache/javax.inject/javax.inject/jars/javax.inject-1.jar, /Users/Messi/.ivy2/cache/aopalliance/aopalliance/jars/aopalliance-1.0.jar, /Users/Messi/.ivy2/cache/com.google.inject.extensions/guice-assistedinject/jars/guice-assistedinject-4.0.jar, /Users/Messi/.ivy2/cache/com.jolbox/bonecp/bundles/bonecp-0.8.0.RELEASE.jar, /Users/Messi/.ivy2/cache/com.zaxxer/HikariCP/bundles/HikariCP-2.3.7.jar, /Users/Messi/.ivy2/cache/com.h2database/h2/jars/h2-1.4.187.jar, /Users/Messi/.ivy2/cache/tyrex/tyrex/jars/tyrex-1.0.1.jar, /Users/Messi/.ivy2/cache/com.typesafe.play/play-java_2.11/jars/play-java_2.11-2.4.2.jar, /Users/Messi/.ivy2/cache/org.scala-lang.modules/scala-java8-compat_2.11/bundles/scala-java8-compat_2.11-0.3.0.jar, /Users/Messi/.ivy2/cache/org.yaml/snakeyaml/bundles/snakeyaml-1.15.jar, /Users/Messi/.ivy2/cache/org.hibernate/hibernate-validator/jars/hibernate-validator-5.0.3.Final.jar, /Users/Messi/.ivy2/cache/javax.validation/validation-api/jars/validation-api-1.1.0.Final.jar, /Users/Messi/.ivy2/cache/com.fasterxml/classmate/bundles/classmate-1.0.0.jar, /Users/Messi/.ivy2/cache/org.jboss.logging/jboss-logging/jars/jboss-logging-3.2.1.Final.jar, /Users/Messi/.ivy2/cache/org.springframework/spring-context/jars/spring-context-4.1.6.RELEASE.jar, /Users/Messi/.ivy2/cache/org.springframework/spring-core/jars/spring-core-4.1.6.RELEASE.jar, /Users/Messi/.ivy2/cache/org.springframework/spring-beans/jars/spring-beans-4.1.6.RELEASE.jar, /Users/Messi/.ivy2/cache/org.reflections/reflections/jars/reflections-0.9.9.jar, /Users/Messi/.ivy2/cache/com.google.guava/guava/bundles/guava-18.0.jar, /Users/Messi/.ivy2/cache/com.google.code.findbugs/annotations/jars/annotations-2.0.1.jar, /Users/Messi/.ivy2/cache/net.jodah/typetools/bundles/typetools-0.4.1.jar, /Users/Messi/.ivy2/cache/com.google.code.findbugs/jsr305/jars/jsr305-2.0.3.jar, /Users/Messi/.ivy2/cache/org.apache.tomcat/tomcat-servlet-api/jars/tomcat-servlet-api-8.0.21.jar, /Users/Messi/.ivy2/cache/com.typesafe.play/play-jdbc-evolutions_2.11/jars/play-jdbc-evolutions_2.11-2.4.0.jar, /Users/Messi/.ivy2/cache/org.avaje.ebeanorm/avaje-ebeanorm/jars/avaje-ebeanorm-4.6.2.jar, /Users/Messi/.ivy2/cache/javax.persistence/persistence-api/jars/persistence-api-1.0.jar, /Users/Messi/.ivy2/cache/org.avaje.ebeanorm/avaje-ebeanorm-agent/jars/avaje-ebeanorm-agent-4.5.3.jar, /Users/Messi/.ivy2/cache/com.typesafe.play/play-server_2.11/jars/play-server_2.11-2.4.2.jar, /Users/Messi/.ivy2/cache/com.typesafe.play/play-netty-server_2.11/jars/play-netty-server_2.11-2.4.2.jar, /Users/Messi/.ivy2/cache/io.netty/netty/bundles/netty-3.10.3.Final.jar, /Users/Messi/.ivy2/cache/com.typesafe.netty/netty-http-pipelining/jars/netty-http-pipelining-1.1.4.jar, /Users/Messi/.ivy2/cache/com.typesafe.play/play-cache_2.11/jars/play-cache_2.11-2.4.2.jar, /Users/Messi/.ivy2/cache/net.sf.ehcache/ehcache-core/jars/ehcache-core-2.6.11.jar, /Users/Messi/.ivy2/cache/com.typesafe.play/play-java-ws_2.11/jars/play-java-ws_2.11-2.4.2.jar, /Users/Messi/.ivy2/cache/com.typesafe.play/play-ws_2.11/jars/play-ws_2.11-2.4.2.jar, /Users/Messi/.ivy2/cache/com.ning/async-http-client/jars/async-http-client-1.9.21.jar, /Users/Messi/.ivy2/cache/oauth.signpost/signpost-core/jars/signpost-core-1.2.1.2.jar, /Users/Messi/.ivy2/cache/oauth.signpost/signpost-commonshttp4/jars/signpost-commonshttp4-1.2.1.2.jar, /Users/Messi/.ivy2/cache/org.apache.httpcomponents/httpcore/jars/httpcore-4.0.1.jar, /Users/Messi/.ivy2/cache/org.apache.httpcomponents/httpclient/jars/httpclient-4.0.1.jar, /Users/Messi/.ivy2/cache/commons-logging/commons-logging/jars/commons-logging-1.1.1.jar),List((public/,/Users/Messi/Development/activator-1.3.5-minimal/catDB/target/web/public/main)),List(/Users/Messi/.ivy2/cache/com.typesafe.play/play-omnidoc_2.11/jars/play-omnidoc_2.11-2.4.2.jar, /Users/Messi/.ivy2/cache/org.scala-lang/scala-library/jars/scala-library-2.11.6.jar, /Users/Messi/.ivy2/cache/com.typesafe.play/play-docs_2.11/jars/play-docs_2.11-2.4.2.jar, /Users/Messi/.ivy2/cache/com.typesafe.play/play-netty-server_2.11/jars/play-netty-server_2.11-2.4.2.jar, /Users/Messi/.ivy2/cache/com.typesafe.play/play-server_2.11/jars/play-server_2.11-2.4.2.jar, /Users/Messi/.ivy2/cache/com.typesafe.play/play_2.11/jars/play_2.11-2.4.2.jar, /Users/Messi/.ivy2/cache/com.typesafe.play/build-link/jars/build-link-2.4.2.jar, /Users/Messi/.ivy2/cache/com.typesafe.play/play-exceptions/jars/play-exceptions-2.4.2.jar, /Users/Messi/.ivy2/cache/org.javassist/javassist/bundles/javassist-3.19.0-GA.jar, /Users/Messi/.ivy2/cache/com.typesafe.play/play-iteratees_2.11/jars/play-iteratees_2.11-2.4.2.jar, /Users/Messi/.ivy2/cache/org.scala-stm/scala-stm_2.11/jars/scala-stm_2.11-0.7.jar, /Users/Messi/.ivy2/cache/com.typesafe/config/bundles/config-1.3.0.jar, /Users/Messi/.ivy2/cache/com.typesafe.play/play-json_2.11/jars/play-json_2.11-2.4.2.jar, /Users/Messi/.ivy2/cache/com.typesafe.play/play-functional_2.11/jars/play-functional_2.11-2.4.2.jar, /Users/Messi/.ivy2/cache/com.typesafe.play/play-datacommons_2.11/jars/play-datacommons_2.11-2.4.2.jar, /Users/Messi/.ivy2/cache/joda-time/joda-time/jars/joda-time-2.8.1.jar, /Users/Messi/.ivy2/cache/org.joda/joda-convert/jars/joda-convert-1.7.jar, /Users/Messi/.ivy2/cache/org.scala-lang/scala-reflect/jars/scala-reflect-2.11.6.jar, /Users/Messi/.ivy2/cache/com.fasterxml.jackson.core/jackson-core/bundles/jackson-core-2.5.4.jar, /Users/Messi/.ivy2/cache/com.fasterxml.jackson.core/jackson-annotations/bundles/jackson-annotations-2.5.4.jar, /Users/Messi/.ivy2/cache/com.fasterxml.jackson.core/jackson-databind/bundles/jackson-databind-2.5.4.jar, /Users/Messi/.ivy2/cache/com.fasterxml.jackson.datatype/jackson-datatype-jdk8/bundles/jackson-datatype-jdk8-2.5.4.jar, /Users/Messi/.ivy2/cache/com.fasterxml.jackson.datatype/jackson-datatype-jsr310/bundles/jackson-datatype-jsr310-2.5.4.jar, /Users/Messi/.ivy2/cache/com.typesafe.play/play-netty-utils/jars/play-netty-utils-2.4.2.jar, /Users/Messi/.ivy2/cache/org.slf4j/slf4j-api/jars/slf4j-api-1.7.12.jar, /Users/Messi/.ivy2/cache/org.slf4j/jul-to-slf4j/jars/jul-to-slf4j-1.7.12.jar, /Users/Messi/.ivy2/cache/org.slf4j/jcl-over-slf4j/jars/jcl-over-slf4j-1.7.12.jar, /Users/Messi/.ivy2/cache/com.typesafe.play/twirl-api_2.11/jars/twirl-api_2.11-1.1.1.jar, /Users/Messi/.ivy2/cache/org.apache.commons/commons-lang3/jars/commons-lang3-3.4.jar, /Users/Messi/.ivy2/cache/org.scala-lang.modules/scala-xml_2.11/bundles/scala-xml_2.11-1.0.1.jar, /Users/Messi/.ivy2/cache/org.scala-lang.modules/scala-parser-combinators_2.11/bundles/scala-parser-combinators_2.11-1.0.1.jar, /Users/Messi/.ivy2/cache/ch.qos.logback/logback-core/jars/logback-core-1.1.3.jar, /Users/Messi/.ivy2/cache/ch.qos.logback/logback-classic/jars/logback-classic-1.1.3.jar, /Users/Messi/.ivy2/cache/com.typesafe.akka/akka-actor_2.11/jars/akka-actor_2.11-2.3.11.jar, /Users/Messi/.ivy2/cache/com.typesafe.akka/akka-slf4j_2.11/jars/akka-slf4j_2.11-2.3.11.jar, /Users/Messi/.ivy2/cache/commons-codec/commons-codec/jars/commons-codec-1.10.jar, /Users/Messi/.ivy2/cache/xerces/xercesImpl/jars/xercesImpl-2.11.0.jar, /Users/Messi/.ivy2/cache/xml-apis/xml-apis/jars/xml-apis-1.4.01.jar, /Users/Messi/.ivy2/cache/javax.transaction/jta/jars/jta-1.1.jar, /Users/Messi/.ivy2/cache/com.google.inject/guice/jars/guice-4.0.jar, /Users/Messi/.ivy2/cache/javax.inject/javax.inject/jars/javax.inject-1.jar, /Users/Messi/.ivy2/cache/aopalliance/aopalliance/jars/aopalliance-1.0.jar, /Users/Messi/.ivy2/cache/com.google.guava/guava/bundles/guava-16.0.1.jar, /Users/Messi/.ivy2/cache/com.google.inject.extensions/guice-assistedinject/jars/guice-assistedinject-4.0.jar, /Users/Messi/.ivy2/cache/io.netty/netty/bundles/netty-3.10.3.Final.jar, /Users/Messi/.ivy2/cache/com.typesafe.netty/netty-http-pipelining/jars/netty-http-pipelining-1.1.4.jar, /Users/Messi/.ivy2/cache/com.typesafe.play/play-doc_2.11/jars/play-doc_2.11-1.2.2.jar, /Users/Messi/.ivy2/cache/org.pegdown/pegdown/jars/pegdown-1.4.0.jar, /Users/Messi/.ivy2/cache/org.parboiled/parboiled-java/bundles/parboiled-java-1.1.5.jar, /Users/Messi/.ivy2/cache/org.parboiled/parboiled-core/bundles/parboiled-core-1.1.5.jar, /Users/Messi/.ivy2/cache/org.ow2.asm/asm/jars/asm-4.1.jar, /Users/Messi/.ivy2/cache/org.ow2.asm/asm-tree/jars/asm-tree-4.1.jar, /Users/Messi/.ivy2/cache/org.ow2.asm/asm-analysis/jars/asm-analysis-4.1.jar, /Users/Messi/.ivy2/cache/org.ow2.asm/asm-util/jars/asm-util-4.1.jar, /Users/Messi/.ivy2/cache/commons-io/commons-io/jars/commons-io-2.4.jar),Some(/Users/Messi/.ivy2/cache/com.typesafe.play/play-omnidoc_2.11/jars/play-omnidoc_2.11-2.4.2.jar),List(),9000,0.0.0.0,DefaultWatchService,List(/Users/Messi/Development/activator-1.3.5-minimal/catDB/public, /Users/Messi/Development/activator-1.3.5-minimal/catDB/conf, /Users/Messi/Development/activator-1.3.5-minimal/catDB/app),/Users/Messi/Development/activator-1.3.5-minimal/catDB/target,500,root/playForkNotifyStart,root/playForkReload,300000,play.core.server.DevServerStart))))
Sending msg to client play-fork-run-a6fe1335-ee5c-49da-b9c1-045def8b2a19: TaskStarted(10,462,None)
Sending msg to client play-fork-run-a6fe1335-ee5c-49da-b9c1-045def8b2a19: TaskFinished(10,462,None,true,None)
Sending msg to client play-fork-run-a6fe1335-ee5c-49da-b9c1-045def8b2a19: TaskStarted(10,461,None)
Sending msg to client play-fork-run-a6fe1335-ee5c-49da-b9c1-045def8b2a19: TaskFinished(10,461,None,true,None)
Sending msg to client play-fork-run-a6fe1335-ee5c-49da-b9c1-045def8b2a19: DetachedLogEvent(LogMessage(debug,cancel strategy finish enabled=false lastCommand=Some(LastCommand(CommandExecutionWork(ExecutionId(10),{file:/Users/Messi/Development/activator-1.3.5-minimal/catDB/}root/*:playForkConfig,Set(LiveClient(play-fork-run a6fe1335-ee5c-49da-b9c1-045def8b2a19)),sbt.server.WorkCancellationStatus$$anon$1@39082013)))))
Sending msg to client play-fork-run-a6fe1335-ee5c-49da-b9c1-045def8b2a19: DetachedLogEvent(LogSuccess(Total time: 1 s, completed Jul 16, 2015 10:14:34 PM))
Sending msg to client play-fork-run-a6fe1335-ee5c-49da-b9c1-045def8b2a19: DetachedLogEvent(LogMessage(debug,> server-post-command-cleanup))
Sending msg to client play-fork-run-a6fe1335-ee5c-49da-b9c1-045def8b2a19: ExecutionSuccess(10)
Sending msg to client play-fork-run-a6fe1335-ee5c-49da-b9c1-045def8b2a19: DetachedLogEvent(LogMessage(debug,> server-handle-next-server-request))
Sending msg to client play-fork-run-a6fe1335-ee5c-49da-b9c1-045def8b2a19: BackgroundJobLogEvent(2,LogMessage(error,scala.pickling.PicklingException: Not a primitive: scala.Nothing, found JNothing))
Sending msg to client play-fork-run-a6fe1335-ee5c-49da-b9c1-045def8b2a19: BackgroundJobLogEvent(2,LogMessage(error,	at sbt.serialization.json.VerifyingJSONPickleReader.sbt$serialization$json$VerifyingJSONPickleReader$$unpickleHelper$1(JSONPickleFormat.scala:367)))
Sending msg to client play-fork-run-a6fe1335-ee5c-49da-b9c1-045def8b2a19: BackgroundJobLogEvent(2,LogMessage(error,	at sbt.serialization.json.VerifyingJSONPickleReader.readPrimitive(JSONPickleFormat.scala:373)))
Sending msg to client play-fork-run-a6fe1335-ee5c-49da-b9c1-045def8b2a19: BackgroundJobLogEvent(2,LogMessage(error,	at scala.pickling.pickler.PrimitivePickler.unpickle(Primitives.scala:28)))
Sending msg to client play-fork-run-a6fe1335-ee5c-49da-b9c1-045def8b2a19: BackgroundJobLogEvent(2,LogMessage(error,	at play.forkrun.protocol.Serializers$PlayForkrunProtocolForkConfigUnpickler$macro$14$2$.unpickle(Serializers.scala:73)))
Sending msg to client play-fork-run-a6fe1335-ee5c-49da-b9c1-045def8b2a19: BackgroundJobLogEvent(2,LogMessage(error,	at scala.pickling.Unpickler$class.unpickleEntry(Pickler.scala:79)))
Sending msg to client play-fork-run-a6fe1335-ee5c-49da-b9c1-045def8b2a19: BackgroundJobLogEvent(2,LogMessage(error,	at play.forkrun.protocol.Serializers$PlayForkrunProtocolForkConfigUnpickler$macro$14$2$.unpickleEntry(Serializers.scala:73)))
Sending msg to client play-fork-run-a6fe1335-ee5c-49da-b9c1-045def8b2a19: BackgroundJobLogEvent(2,LogMessage(error,	at scala.pickling.functions$.unpickle(functions.scala:11)))
Sending msg to client play-fork-run-a6fe1335-ee5c-49da-b9c1-045def8b2a19: BackgroundJobLogEvent(2,LogMessage(error,	at sbt.serialization.JsonValue$$anonfun$parse$1.apply(SerializedValue.scala:104)))
Sending msg to client play-fork-run-a6fe1335-ee5c-49da-b9c1-045def8b2a19: BackgroundJobLogEvent(2,LogMessage(error,	at scala.util.Try$.apply(Try.scala:191)))
Sending msg to client play-fork-run-a6fe1335-ee5c-49da-b9c1-045def8b2a19: BackgroundJobLogEvent(2,LogMessage(error,	at sbt.serialization.JsonValue.parse(SerializedValue.scala:104)))
Sending msg to client play-fork-run-a6fe1335-ee5c-49da-b9c1-045def8b2a19: BackgroundJobLogEvent(2,LogMessage(error,	at sbt.protocol.BuildValue.value(Values.scala:11)))
Sending msg to client play-fork-run-a6fe1335-ee5c-49da-b9c1-045def8b2a19: BackgroundJobLogEvent(2,LogMessage(error,	at sbt.protocol.TaskSuccess.resultWithCustomThrowable(Values.scala:65)))
Sending msg to client play-fork-run-a6fe1335-ee5c-49da-b9c1-045def8b2a19: BackgroundJobLogEvent(2,LogMessage(error,	at sbt.protocol.TaskResult$class.result(Values.scala:56)))
Sending msg to client play-fork-run-a6fe1335-ee5c-49da-b9c1-045def8b2a19: BackgroundJobLogEvent(2,LogMessage(error,	at sbt.protocol.TaskSuccess.result(Values.scala:62)))
Sending msg to client play-fork-run-a6fe1335-ee5c-49da-b9c1-045def8b2a19: BackgroundJobLogEvent(2,LogMessage(error,	at play.forkrun.ForkRun$$anonfun$settingUp$1.applyOrElse(ForkRun.scala:165)))
Sending msg to client play-fork-run-a6fe1335-ee5c-49da-b9c1-045def8b2a19: BackgroundJobLogEvent(2,LogMessage(error,	at akka.actor.Actor$class.aroundReceive(Actor.scala:465)))
Sending msg to client play-fork-run-a6fe1335-ee5c-49da-b9c1-045def8b2a19: BackgroundJobLogEvent(2,LogMessage(error,	at play.forkrun.ForkRun.aroundReceive(ForkRun.scala:152)))
Sending msg to client play-fork-run-a6fe1335-ee5c-49da-b9c1-045def8b2a19: BackgroundJobLogEvent(2,LogMessage(error,	at akka.actor.ActorCell.receiveMessage(ActorCell.scala:516)))
Sending msg to client play-fork-run-a6fe1335-ee5c-49da-b9c1-045def8b2a19: BackgroundJobLogEvent(2,LogMessage(error,	at akka.actor.ActorCell.invoke(ActorCell.scala:487)))
Sending msg to client play-fork-run-a6fe1335-ee5c-49da-b9c1-045def8b2a19: BackgroundJobLogEvent(2,LogMessage(error,	at akka.dispatch.Mailbox.processMailbox(Mailbox.scala:254)))
Sending msg to client play-fork-run-a6fe1335-ee5c-49da-b9c1-045def8b2a19: BackgroundJobLogEvent(2,LogMessage(error,	at akka.dispatch.Mailbox.run(Mailbox.scala:221)))
Sending msg to client play-fork-run-a6fe1335-ee5c-49da-b9c1-045def8b2a19: BackgroundJobLogEvent(2,LogMessage(error,	at akka.dispatch.Mailbox.exec(Mailbox.scala:231)))
Sending msg to client play-fork-run-a6fe1335-ee5c-49da-b9c1-045def8b2a19: BackgroundJobLogEvent(2,LogMessage(error,	at scala.concurrent.forkjoin.ForkJoinTask.doExec(ForkJoinTask.java:260)))
Sending msg to client play-fork-run-a6fe1335-ee5c-49da-b9c1-045def8b2a19: BackgroundJobLogEvent(2,LogMessage(error,	at scala.concurrent.forkjoin.ForkJoinPool$WorkQueue.pollAndExecAll(ForkJoinPool.java:1253)))
Sending msg to client play-fork-run-a6fe1335-ee5c-49da-b9c1-045def8b2a19: BackgroundJobLogEvent(2,LogMessage(error,	at scala.concurrent.forkjoin.ForkJoinPool$WorkQueue.runTask(ForkJoinPool.java:1346)))
Sending msg to client play-fork-run-a6fe1335-ee5c-49da-b9c1-045def8b2a19: BackgroundJobLogEvent(2,LogMessage(error,	at scala.concurrent.forkjoin.ForkJoinPool.runWorker(ForkJoinPool.java:1979)))
Sending msg to client play-fork-run-a6fe1335-ee5c-49da-b9c1-045def8b2a19: BackgroundJobLogEvent(2,LogMessage(error,	at scala.concurrent.forkjoin.ForkJoinWorkerThread.run(ForkJoinWorkerThread.java:107)))
Sending msg to client play-fork-run-a6fe1335-ee5c-49da-b9c1-045def8b2a19: BackgroundJobLogEvent(2,LogMessage(error,Play fork run has failed due to:))
Sending msg to client play-fork-run-a6fe1335-ee5c-49da-b9c1-045def8b2a19: BackgroundJobLogEvent(2,LogMessage(error,scala.pickling.PicklingException: error in unpickle of primitive unpickler 'java.lang.Integer':))
Sending msg to client play-fork-run-a6fe1335-ee5c-49da-b9c1-045def8b2a19: BackgroundJobLogEvent(2,LogMessage(error,tag in unpickle: 'scala.Nothing'))
Sending msg to client play-fork-run-a6fe1335-ee5c-49da-b9c1-045def8b2a19: BackgroundJobLogEvent(2,LogMessage(error,message:))
Sending msg to client play-fork-run-a6fe1335-ee5c-49da-b9c1-045def8b2a19: BackgroundJobLogEvent(2,LogMessage(error,Not a primitive: scala.Nothing, found JNothing))
Sending msg to client play-fork-run-a6fe1335-ee5c-49da-b9c1-045def8b2a19: BackgroundJobLogEvent(2,LogMessage(error,	at scala.pickling.pickler.PrimitivePickler.unpickle(Primitives.scala:31)))
Sending msg to client play-fork-run-a6fe1335-ee5c-49da-b9c1-045def8b2a19: BackgroundJobLogEvent(2,LogMessage(error,	at play.forkrun.protocol.Serializers$PlayForkrunProtocolForkConfigUnpickler$macro$14$2$.unpickle(Serializers.scala:73)))
Sending msg to client play-fork-run-a6fe1335-ee5c-49da-b9c1-045def8b2a19: BackgroundJobLogEvent(2,LogMessage(error,	at scala.pickling.Unpickler$class.unpickleEntry(Pickler.scala:79)))
Sending msg to client play-fork-run-a6fe1335-ee5c-49da-b9c1-045def8b2a19: BackgroundJobLogEvent(2,LogMessage(error,	at play.forkrun.protocol.Serializers$PlayForkrunProtocolForkConfigUnpickler$macro$14$2$.unpickleEntry(Serializers.scala:73)))
Sending msg to client play-fork-run-a6fe1335-ee5c-49da-b9c1-045def8b2a19: BackgroundJobLogEvent(2,LogMessage(error,	at scala.pickling.functions$.unpickle(functions.scala:11)))
Sending msg to client play-fork-run-a6fe1335-ee5c-49da-b9c1-045def8b2a19: BackgroundJobLogEvent(2,LogMessage(error,	at sbt.serialization.JsonValue$$anonfun$parse$1.apply(SerializedValue.scala:104)))
Sending msg to client play-fork-run-a6fe1335-ee5c-49da-b9c1-045def8b2a19: BackgroundJobLogEvent(2,LogMessage(error,	at scala.util.Try$.apply(Try.scala:191)))
Sending msg to client play-fork-run-a6fe1335-ee5c-49da-b9c1-045def8b2a19: BackgroundJobLogEvent(2,LogMessage(error,	at sbt.serialization.JsonValue.parse(SerializedValue.scala:104)))
Sending msg to client play-fork-run-a6fe1335-ee5c-49da-b9c1-045def8b2a19: BackgroundJobLogEvent(2,LogMessage(error,	at sbt.protocol.BuildValue.value(Values.scala:11)))
Sending msg to client play-fork-run-a6fe1335-ee5c-49da-b9c1-045def8b2a19: BackgroundJobLogEvent(2,LogMessage(error,	at sbt.protocol.TaskSuccess.resultWithCustomThrowable(Values.scala:65)))
Sending msg to client play-fork-run-a6fe1335-ee5c-49da-b9c1-045def8b2a19: BackgroundJobLogEvent(2,LogMessage(error,	at sbt.protocol.TaskResult$class.result(Values.scala:56)))
Sending msg to client play-fork-run-a6fe1335-ee5c-49da-b9c1-045def8b2a19: BackgroundJobLogEvent(2,LogMessage(error,	at sbt.protocol.TaskSuccess.result(Values.scala:62)))
Sending msg to client play-fork-run-a6fe1335-ee5c-49da-b9c1-045def8b2a19: BackgroundJobLogEvent(2,LogMessage(error,	at play.forkrun.ForkRun$$anonfun$settingUp$1.applyOrElse(ForkRun.scala:165)))
Sending msg to client play-fork-run-a6fe1335-ee5c-49da-b9c1-045def8b2a19: BackgroundJobLogEvent(2,LogMessage(error,	at akka.actor.Actor$class.aroundReceive(Actor.scala:465)))
Sending msg to client play-fork-run-a6fe1335-ee5c-49da-b9c1-045def8b2a19: BackgroundJobLogEvent(2,LogMessage(error,	at play.forkrun.ForkRun.aroundReceive(ForkRun.scala:152)))
Sending msg to client play-fork-run-a6fe1335-ee5c-49da-b9c1-045def8b2a19: BackgroundJobLogEvent(2,LogMessage(error,	at akka.actor.ActorCell.receiveMessage(ActorCell.scala:516)))
Sending msg to client play-fork-run-a6fe1335-ee5c-49da-b9c1-045def8b2a19: BackgroundJobLogEvent(2,LogMessage(error,	at akka.actor.ActorCell.invoke(ActorCell.scala:487)))
Sending msg to client play-fork-run-a6fe1335-ee5c-49da-b9c1-045def8b2a19: BackgroundJobLogEvent(2,LogMessage(error,	at akka.dispatch.Mailbox.processMailbox(Mailbox.scala:254)))
Sending msg to client play-fork-run-a6fe1335-ee5c-49da-b9c1-045def8b2a19: BackgroundJobLogEvent(2,LogMessage(error,	at akka.dispatch.Mailbox.run(Mailbox.scala:221)))
Sending msg to client play-fork-run-a6fe1335-ee5c-49da-b9c1-045def8b2a19: BackgroundJobLogEvent(2,LogMessage(error,	at akka.dispatch.Mailbox.exec(Mailbox.scala:231)))
Sending msg to client play-fork-run-a6fe1335-ee5c-49da-b9c1-045def8b2a19: BackgroundJobLogEvent(2,LogMessage(error,	at scala.concurrent.forkjoin.ForkJoinTask.doExec(ForkJoinTask.java:260)))
Sending msg to client play-fork-run-a6fe1335-ee5c-49da-b9c1-045def8b2a19: BackgroundJobLogEvent(2,LogMessage(error,	at scala.concurrent.forkjoin.ForkJoinPool$WorkQueue.pollAndExecAll(ForkJoinPool.java:1253)))
Sending msg to client play-fork-run-a6fe1335-ee5c-49da-b9c1-045def8b2a19: BackgroundJobLogEvent(2,LogMessage(error,	at scala.concurrent.forkjoin.ForkJoinPool$WorkQueue.runTask(ForkJoinPool.java:1346)))
Sending msg to client play-fork-run-a6fe1335-ee5c-49da-b9c1-045def8b2a19: BackgroundJobLogEvent(2,LogMessage(error,	at scala.concurrent.forkjoin.ForkJoinPool.runWorker(ForkJoinPool.java:1979)))
Sending msg to client play-fork-run-a6fe1335-ee5c-49da-b9c1-045def8b2a19: BackgroundJobLogEvent(2,LogMessage(error,	at scala.concurrent.forkjoin.ForkJoinWorkerThread.run(ForkJoinWorkerThread.java:107)))
Sending msg to client play-fork-run-a6fe1335-ee5c-49da-b9c1-045def8b2a19: BackgroundJobLogEvent(2,LogMessage(info,Stopping Play fork run ...))
Got request: UnlistenToEvents()
Reading next message from client.
Sending msg to client play-fork-run-a6fe1335-ee5c-49da-b9c1-045def8b2a19: (8,ReceivedResponse())
Got request: UnlistenToValue(AttributeKey[play.forkrun.protocol.ForkConfig]("playForkConfig") in Scope(Build: file:/Users/Messi/Development/activator-1.3.5-minimal/catDB/, , Project: ProjectReference(file:/Users/Messi/Development/activator-1.3.5-minimal/catDB/,root)))
Reading next message from client.
Client play-fork-run-a6fe1335-ee5c-49da-b9c1-045def8b2a19 EOF, shutting down.
Stopping client.
Client play-fork-run-a6fe1335-ee5c-49da-b9c1-045def8b2a19 thread exiting.
Dropping message (9,ReceivedResponse()) to dead client play-fork-run-a6fe1335-ee5c-49da-b9c1-045def8b2a19
Dropping message (0,ReceivedResponse()) to dead client play-fork-run-a6fe1335-ee5c-49da-b9c1-045def8b2a19
