New log file opened at Thu Jul 16 17:06:46 EEST 2015 by 11212@dyn-179-215.public.tut.fi
Sending msg to client play-fork-run-5c00ba37-e5fd-4a67-8390-a341fd9d30b3: TaskStarted(19,2141,None)
Sending msg to client play-fork-run-5c00ba37-e5fd-4a67-8390-a341fd9d30b3: TaskFinished(19,2157,Some(AttributeKey[scala.collection.Seq[java.io.File]]("sources") in Scope(Build: file:/Users/Messi/Development/activator-1.3.5-minimal/catDB/, , Project: ProjectReference(file:/Users/Messi/Development/activator-1.3.5-minimal/catDB/,root), Config: web-assets, Task: AttributeKey[scala.collection.Seq[java.io.File]]("less"))),true,None)
Sending msg to client play-fork-run-5c00ba37-e5fd-4a67-8390-a341fd9d30b3: TaskFinished(19,2127,None,true,None)
Sending msg to client play-fork-run-5c00ba37-e5fd-4a67-8390-a341fd9d30b3: TaskFinished(19,2103,None,true,None)
Sending msg to client play-fork-run-5c00ba37-e5fd-4a67-8390-a341fd9d30b3: TaskStarted(19,2102,Some(AttributeKey[scala.collection.Seq[java.io.File]]("jshint") in Scope(Build: file:/Users/Messi/Development/activator-1.3.5-minimal/catDB/, , Project: ProjectReference(file:/Users/Messi/Development/activator-1.3.5-minimal/catDB/,root), Config: web-assets)))
Sending msg to client play-fork-run-5c00ba37-e5fd-4a67-8390-a341fd9d30b3: TaskFinished(19,2153,Some(AttributeKey[java.lang.String]("jstaskJsOptions") in Scope(Build: file:/Users/Messi/Development/activator-1.3.5-minimal/catDB/, , Project: ProjectReference(file:/Users/Messi/Development/activator-1.3.5-minimal/catDB/,root), Config: web-assets, Task: AttributeKey[scala.collection.Seq[java.io.File]]("less"))),true,None)
Sending msg to client play-fork-run-5c00ba37-e5fd-4a67-8390-a341fd9d30b3: TaskStarted(19,2156,Some(AttributeKey[com.typesafe.sbt.web.incremental.OpInputHasher[java.io.File]]("jstaskFileInputHasher") in Scope(Build: file:/Users/Messi/Development/activator-1.3.5-minimal/catDB/, , Project: ProjectReference(file:/Users/Messi/Development/activator-1.3.5-minimal/catDB/,root), Config: web-assets, Task: AttributeKey[scala.collection.Seq[java.io.File]]("less"))))
Sending msg to client play-fork-run-5c00ba37-e5fd-4a67-8390-a341fd9d30b3: TaskFinished(19,2102,Some(AttributeKey[scala.collection.Seq[java.io.File]]("jshint") in Scope(Build: file:/Users/Messi/Development/activator-1.3.5-minimal/catDB/, , Project: ProjectReference(file:/Users/Messi/Development/activator-1.3.5-minimal/catDB/,root), Config: web-assets)),true,None)
Sending msg to client play-fork-run-5c00ba37-e5fd-4a67-8390-a341fd9d30b3: TaskFinished(19,2156,Some(AttributeKey[com.typesafe.sbt.web.incremental.OpInputHasher[java.io.File]]("jstaskFileInputHasher") in Scope(Build: file:/Users/Messi/Development/activator-1.3.5-minimal/catDB/, , Project: ProjectReference(file:/Users/Messi/Development/activator-1.3.5-minimal/catDB/,root), Config: web-assets, Task: AttributeKey[scala.collection.Seq[java.io.File]]("less"))),true,None)
Sending msg to client play-fork-run-5c00ba37-e5fd-4a67-8390-a341fd9d30b3: TaskStarted(19,2152,None)
Sending msg to client play-fork-run-5c00ba37-e5fd-4a67-8390-a341fd9d30b3: TaskFinished(19,2141,None,true,None)
Sending msg to client play-fork-run-5c00ba37-e5fd-4a67-8390-a341fd9d30b3: TaskFinished(19,2126,None,true,None)
Sending msg to client play-fork-run-5c00ba37-e5fd-4a67-8390-a341fd9d30b3: TaskStarted(19,2125,Some(AttributeKey[scala.collection.Seq[java.io.File]]("coffeescript") in Scope(Build: file:/Users/Messi/Development/activator-1.3.5-minimal/catDB/, , Project: ProjectReference(file:/Users/Messi/Development/activator-1.3.5-minimal/catDB/,root), Config: web-assets)))
Sending msg to client play-fork-run-5c00ba37-e5fd-4a67-8390-a341fd9d30b3: TaskFinished(19,2152,None,true,None)
Sending msg to client play-fork-run-5c00ba37-e5fd-4a67-8390-a341fd9d30b3: TaskFinished(19,2124,None,true,None)
Sending msg to client play-fork-run-5c00ba37-e5fd-4a67-8390-a341fd9d30b3: TaskStarted(19,2123,Some(AttributeKey[scala.collection.Seq[java.io.File]]("less") in Scope(Build: file:/Users/Messi/Development/activator-1.3.5-minimal/catDB/, , Project: ProjectReference(file:/Users/Messi/Development/activator-1.3.5-minimal/catDB/,root), Config: web-assets)))
Sending msg to client play-fork-run-5c00ba37-e5fd-4a67-8390-a341fd9d30b3: TaskFinished(19,2125,Some(AttributeKey[scala.collection.Seq[java.io.File]]("coffeescript") in Scope(Build: file:/Users/Messi/Development/activator-1.3.5-minimal/catDB/, , Project: ProjectReference(file:/Users/Messi/Development/activator-1.3.5-minimal/catDB/,root), Config: web-assets)),true,None)
Sending msg to client play-fork-run-5c00ba37-e5fd-4a67-8390-a341fd9d30b3: TaskFinished(19,2110,None,true,None)
Sending msg to client play-fork-run-5c00ba37-e5fd-4a67-8390-a341fd9d30b3: TaskStarted(19,2109,Some(AttributeKey[scala.collection.Seq[java.io.File]]("coffeescript") in Scope(Build: file:/Users/Messi/Development/activator-1.3.5-minimal/catDB/, , Project: ProjectReference(file:/Users/Messi/Development/activator-1.3.5-minimal/catDB/,root), Config: web-assets)))
Sending msg to client play-fork-run-5c00ba37-e5fd-4a67-8390-a341fd9d30b3: TaskFinished(19,2123,Some(AttributeKey[scala.collection.Seq[java.io.File]]("less") in Scope(Build: file:/Users/Messi/Development/activator-1.3.5-minimal/catDB/, , Project: ProjectReference(file:/Users/Messi/Development/activator-1.3.5-minimal/catDB/,root), Config: web-assets)),true,None)
Sending msg to client play-fork-run-5c00ba37-e5fd-4a67-8390-a341fd9d30b3: TaskFinished(19,2096,None,true,None)
Sending msg to client play-fork-run-5c00ba37-e5fd-4a67-8390-a341fd9d30b3: TaskStarted(19,2095,Some(AttributeKey[scala.collection.Seq[java.io.File]]("less") in Scope(Build: file:/Users/Messi/Development/activator-1.3.5-minimal/catDB/, , Project: ProjectReference(file:/Users/Messi/Development/activator-1.3.5-minimal/catDB/,root), Config: web-assets)))
Sending msg to client play-fork-run-5c00ba37-e5fd-4a67-8390-a341fd9d30b3: TaskFinished(19,2109,Some(AttributeKey[scala.collection.Seq[java.io.File]]("coffeescript") in Scope(Build: file:/Users/Messi/Development/activator-1.3.5-minimal/catDB/, , Project: ProjectReference(file:/Users/Messi/Development/activator-1.3.5-minimal/catDB/,root), Config: web-assets)),true,None)
Sending msg to client play-fork-run-5c00ba37-e5fd-4a67-8390-a341fd9d30b3: TaskFinished(19,2095,Some(AttributeKey[scala.collection.Seq[java.io.File]]("less") in Scope(Build: file:/Users/Messi/Development/activator-1.3.5-minimal/catDB/, , Project: ProjectReference(file:/Users/Messi/Development/activator-1.3.5-minimal/catDB/,root), Config: web-assets)),true,None)
Sending msg to client play-fork-run-5c00ba37-e5fd-4a67-8390-a341fd9d30b3: TaskStarted(19,2094,None)
Sending msg to client play-fork-run-5c00ba37-e5fd-4a67-8390-a341fd9d30b3: TaskFinished(19,2094,None,true,None)
Sending msg to client play-fork-run-5c00ba37-e5fd-4a67-8390-a341fd9d30b3: TaskStarted(19,2093,None)
Sending msg to client play-fork-run-5c00ba37-e5fd-4a67-8390-a341fd9d30b3: TaskFinished(19,2093,None,true,None)
Sending msg to client play-fork-run-5c00ba37-e5fd-4a67-8390-a341fd9d30b3: TaskStarted(19,2092,Some(AttributeKey[scala.collection.Seq[java.io.File]]("managedResources") in Scope(Build: file:/Users/Messi/Development/activator-1.3.5-minimal/catDB/, , Project: ProjectReference(file:/Users/Messi/Development/activator-1.3.5-minimal/catDB/,root), Config: web-assets)))
Sending msg to client play-fork-run-5c00ba37-e5fd-4a67-8390-a341fd9d30b3: TaskFinished(19,2092,Some(AttributeKey[scala.collection.Seq[java.io.File]]("managedResources") in Scope(Build: file:/Users/Messi/Development/activator-1.3.5-minimal/catDB/, , Project: ProjectReference(file:/Users/Messi/Development/activator-1.3.5-minimal/catDB/,root), Config: web-assets)),true,None)
Sending msg to client play-fork-run-5c00ba37-e5fd-4a67-8390-a341fd9d30b3: TaskStarted(19,2091,Some(AttributeKey[scala.collection.Seq[java.io.File]]("resources") in Scope(Build: file:/Users/Messi/Development/activator-1.3.5-minimal/catDB/, , Project: ProjectReference(file:/Users/Messi/Development/activator-1.3.5-minimal/catDB/,root), Config: web-assets)))
Sending msg to client play-fork-run-5c00ba37-e5fd-4a67-8390-a341fd9d30b3: TaskFinished(19,2091,Some(AttributeKey[scala.collection.Seq[java.io.File]]("resources") in Scope(Build: file:/Users/Messi/Development/activator-1.3.5-minimal/catDB/, , Project: ProjectReference(file:/Users/Messi/Development/activator-1.3.5-minimal/catDB/,root), Config: web-assets)),true,None)
Sending msg to client play-fork-run-5c00ba37-e5fd-4a67-8390-a341fd9d30b3: TaskStarted(19,2090,Some(AttributeKey[scala.collection.Seq[scala.Tuple2[java.io.File,java.lang.String]]]("mappings") in Scope(Build: file:/Users/Messi/Development/activator-1.3.5-minimal/catDB/, , Project: ProjectReference(file:/Users/Messi/Development/activator-1.3.5-minimal/catDB/,root), Config: web-assets, Task: AttributeKey[scala.collection.Seq[java.io.File]]("resources"))))
Sending msg to client play-fork-run-5c00ba37-e5fd-4a67-8390-a341fd9d30b3: TaskFinished(19,2090,Some(AttributeKey[scala.collection.Seq[scala.Tuple2[java.io.File,java.lang.String]]]("mappings") in Scope(Build: file:/Users/Messi/Development/activator-1.3.5-minimal/catDB/, , Project: ProjectReference(file:/Users/Messi/Development/activator-1.3.5-minimal/catDB/,root), Config: web-assets, Task: AttributeKey[scala.collection.Seq[java.io.File]]("resources"))),true,None)
Sending msg to client play-fork-run-5c00ba37-e5fd-4a67-8390-a341fd9d30b3: TaskStarted(19,2083,Some(AttributeKey[scala.collection.Seq[scala.Tuple2[java.io.File,java.lang.String]]]("mappings") in Scope(Build: file:/Users/Messi/Development/activator-1.3.5-minimal/catDB/, , Project: ProjectReference(file:/Users/Messi/Development/activator-1.3.5-minimal/catDB/,root), Config: web-assets)))
Sending msg to client play-fork-run-5c00ba37-e5fd-4a67-8390-a341fd9d30b3: TaskFinished(19,2083,Some(AttributeKey[scala.collection.Seq[scala.Tuple2[java.io.File,java.lang.String]]]("mappings") in Scope(Build: file:/Users/Messi/Development/activator-1.3.5-minimal/catDB/, , Project: ProjectReference(file:/Users/Messi/Development/activator-1.3.5-minimal/catDB/,root), Config: web-assets)),true,None)
Sending msg to client play-fork-run-5c00ba37-e5fd-4a67-8390-a341fd9d30b3: TaskStarted(19,2080,Some(AttributeKey[scala.collection.Seq[scala.Tuple2[java.io.File,java.lang.String]]]("mappings") in Scope(Build: file:/Users/Messi/Development/activator-1.3.5-minimal/catDB/, , Project: ProjectReference(file:/Users/Messi/Development/activator-1.3.5-minimal/catDB/,root), Config: web-assets)))
Sending msg to client play-fork-run-5c00ba37-e5fd-4a67-8390-a341fd9d30b3: TaskFinished(19,2080,Some(AttributeKey[scala.collection.Seq[scala.Tuple2[java.io.File,java.lang.String]]]("mappings") in Scope(Build: file:/Users/Messi/Development/activator-1.3.5-minimal/catDB/, , Project: ProjectReference(file:/Users/Messi/Development/activator-1.3.5-minimal/catDB/,root), Config: web-assets)),true,None)
Sending msg to client play-fork-run-5c00ba37-e5fd-4a67-8390-a341fd9d30b3: TaskStarted(19,2079,Some(AttributeKey[scala.collection.Seq[scala.Tuple2[java.io.File,java.lang.String]]]("mappings") in Scope(Build: file:/Users/Messi/Development/activator-1.3.5-minimal/catDB/, , Project: ProjectReference(file:/Users/Messi/Development/activator-1.3.5-minimal/catDB/,root), Config: web-assets)))
Sending msg to client play-fork-run-5c00ba37-e5fd-4a67-8390-a341fd9d30b3: TaskFinished(19,2079,Some(AttributeKey[scala.collection.Seq[scala.Tuple2[java.io.File,java.lang.String]]]("mappings") in Scope(Build: file:/Users/Messi/Development/activator-1.3.5-minimal/catDB/, , Project: ProjectReference(file:/Users/Messi/Development/activator-1.3.5-minimal/catDB/,root), Config: web-assets)),true,None)
Sending msg to client play-fork-run-5c00ba37-e5fd-4a67-8390-a341fd9d30b3: TaskStarted(19,2078,Some(AttributeKey[scala.collection.Seq[scala.Tuple2[java.io.File,java.lang.String]]]("webExportedMappings") in Scope(Build: file:/Users/Messi/Development/activator-1.3.5-minimal/catDB/, , Project: ProjectReference(file:/Users/Messi/Development/activator-1.3.5-minimal/catDB/,root), Config: web-assets)))
Sending msg to client play-fork-run-5c00ba37-e5fd-4a67-8390-a341fd9d30b3: TaskFinished(19,2078,Some(AttributeKey[scala.collection.Seq[scala.Tuple2[java.io.File,java.lang.String]]]("webExportedMappings") in Scope(Build: file:/Users/Messi/Development/activator-1.3.5-minimal/catDB/, , Project: ProjectReference(file:/Users/Messi/Development/activator-1.3.5-minimal/catDB/,root), Config: web-assets)),true,None)
Sending msg to client play-fork-run-5c00ba37-e5fd-4a67-8390-a341fd9d30b3: TaskStarted(19,2077,Some(AttributeKey[java.io.File]("webExportedDirectory") in Scope(Build: file:/Users/Messi/Development/activator-1.3.5-minimal/catDB/, , Project: ProjectReference(file:/Users/Messi/Development/activator-1.3.5-minimal/catDB/,root), Config: web-assets)))
Sending msg to client play-fork-run-5c00ba37-e5fd-4a67-8390-a341fd9d30b3: TaskFinished(19,2077,Some(AttributeKey[java.io.File]("webExportedDirectory") in Scope(Build: file:/Users/Messi/Development/activator-1.3.5-minimal/catDB/, , Project: ProjectReference(file:/Users/Messi/Development/activator-1.3.5-minimal/catDB/,root), Config: web-assets)),true,None)
Sending msg to client play-fork-run-5c00ba37-e5fd-4a67-8390-a341fd9d30b3: TaskStarted(19,2076,Some(AttributeKey[scala.collection.Seq[sbt.Attributed[java.io.File]]]("exportedProducts") in Scope(Build: file:/Users/Messi/Development/activator-1.3.5-minimal/catDB/, , Project: ProjectReference(file:/Users/Messi/Development/activator-1.3.5-minimal/catDB/,root), Config: web-assets)))
Sending msg to client play-fork-run-5c00ba37-e5fd-4a67-8390-a341fd9d30b3: TaskFinished(19,2076,Some(AttributeKey[scala.collection.Seq[sbt.Attributed[java.io.File]]]("exportedProducts") in Scope(Build: file:/Users/Messi/Development/activator-1.3.5-minimal/catDB/, , Project: ProjectReference(file:/Users/Messi/Development/activator-1.3.5-minimal/catDB/,root), Config: web-assets)),true,None)
Sending msg to client play-fork-run-5c00ba37-e5fd-4a67-8390-a341fd9d30b3: TaskStarted(19,2075,None)
Sending msg to client play-fork-run-5c00ba37-e5fd-4a67-8390-a341fd9d30b3: TaskFinished(19,2075,None,true,None)
Sending msg to client play-fork-run-5c00ba37-e5fd-4a67-8390-a341fd9d30b3: TaskStarted(19,2074,None)
Sending msg to client play-fork-run-5c00ba37-e5fd-4a67-8390-a341fd9d30b3: TaskFinished(19,2074,None,true,None)
Sending msg to client play-fork-run-5c00ba37-e5fd-4a67-8390-a341fd9d30b3: TaskFinished(19,2033,Some(AttributeKey[scala.collection.Seq[java.lang.String]]("playEbeanModels") in Scope(Build: file:/Users/Messi/Development/activator-1.3.5-minimal/catDB/, , Project: ProjectReference(file:/Users/Messi/Development/activator-1.3.5-minimal/catDB/,root), Config: compile)),true,None)
Sending msg to client play-fork-run-5c00ba37-e5fd-4a67-8390-a341fd9d30b3: TaskStarted(19,1961,Some(AttributeKey[sbt.compiler.IC$Result]("manipulateBytecode") in Scope(Build: file:/Users/Messi/Development/activator-1.3.5-minimal/catDB/, , Project: ProjectReference(file:/Users/Messi/Development/activator-1.3.5-minimal/catDB/,root), Config: compile)))
Sending msg to client play-fork-run-5c00ba37-e5fd-4a67-8390-a341fd9d30b3: TaskFinished(19,1961,Some(AttributeKey[sbt.compiler.IC$Result]("manipulateBytecode") in Scope(Build: file:/Users/Messi/Development/activator-1.3.5-minimal/catDB/, , Project: ProjectReference(file:/Users/Messi/Development/activator-1.3.5-minimal/catDB/,root), Config: compile)),true,None)
Sending msg to client play-fork-run-5c00ba37-e5fd-4a67-8390-a341fd9d30b3: TaskStarted(19,1960,Some(AttributeKey[sbt.inc.Analysis]("compile") in Scope(Build: file:/Users/Messi/Development/activator-1.3.5-minimal/catDB/, , Project: ProjectReference(file:/Users/Messi/Development/activator-1.3.5-minimal/catDB/,root), Config: compile)))
Sending msg to client play-fork-run-5c00ba37-e5fd-4a67-8390-a341fd9d30b3: TaskFinished(19,1960,Some(AttributeKey[sbt.inc.Analysis]("compile") in Scope(Build: file:/Users/Messi/Development/activator-1.3.5-minimal/catDB/, , Project: ProjectReference(file:/Users/Messi/Development/activator-1.3.5-minimal/catDB/,root), Config: compile)),true,None)
Sending msg to client play-fork-run-5c00ba37-e5fd-4a67-8390-a341fd9d30b3: TaskStarted(19,2041,Some(AttributeKey[sbt.PluginDiscovery$DiscoveredNames]("discoveredSbtPlugins") in Scope(Build: file:/Users/Messi/Development/activator-1.3.5-minimal/catDB/, , Project: ProjectReference(file:/Users/Messi/Development/activator-1.3.5-minimal/catDB/,root), Config: compile)))
Sending msg to client play-fork-run-5c00ba37-e5fd-4a67-8390-a341fd9d30b3: TaskStarted(19,2045,None)
Sending msg to client play-fork-run-5c00ba37-e5fd-4a67-8390-a341fd9d30b3: TaskStarted(19,2169,Some(AttributeKey[scala.collection.Seq[java.lang.String]]("discoveredMainClasses") in Scope(Build: file:/Users/Messi/Development/activator-1.3.5-minimal/catDB/, , Project: ProjectReference(file:/Users/Messi/Development/activator-1.3.5-minimal/catDB/,root), Config: compile)))
Sending msg to client play-fork-run-5c00ba37-e5fd-4a67-8390-a341fd9d30b3: TaskFinished(19,2045,None,true,None)
Sending msg to client play-fork-run-5c00ba37-e5fd-4a67-8390-a341fd9d30b3: TaskStarted(19,2044,None)
Sending msg to client play-fork-run-5c00ba37-e5fd-4a67-8390-a341fd9d30b3: TaskFinished(19,2041,Some(AttributeKey[sbt.PluginDiscovery$DiscoveredNames]("discoveredSbtPlugins") in Scope(Build: file:/Users/Messi/Development/activator-1.3.5-minimal/catDB/, , Project: ProjectReference(file:/Users/Messi/Development/activator-1.3.5-minimal/catDB/,root), Config: compile)),true,None)
Sending msg to client play-fork-run-5c00ba37-e5fd-4a67-8390-a341fd9d30b3: TaskStarted(19,2040,None)
Sending msg to client play-fork-run-5c00ba37-e5fd-4a67-8390-a341fd9d30b3: TaskFinished(19,2169,Some(AttributeKey[scala.collection.Seq[java.lang.String]]("discoveredMainClasses") in Scope(Build: file:/Users/Messi/Development/activator-1.3.5-minimal/catDB/, , Project: ProjectReference(file:/Users/Messi/Development/activator-1.3.5-minimal/catDB/,root), Config: compile)),true,None)
Sending msg to client play-fork-run-5c00ba37-e5fd-4a67-8390-a341fd9d30b3: TaskStarted(19,2174,None)
Sending msg to client play-fork-run-5c00ba37-e5fd-4a67-8390-a341fd9d30b3: TaskFinished(19,2040,None,true,None)
Sending msg to client play-fork-run-5c00ba37-e5fd-4a67-8390-a341fd9d30b3: TaskStarted(19,2039,None)
Sending msg to client play-fork-run-5c00ba37-e5fd-4a67-8390-a341fd9d30b3: TaskFinished(19,2174,None,true,None)
Sending msg to client play-fork-run-5c00ba37-e5fd-4a67-8390-a341fd9d30b3: TaskStarted(19,2173,Some(AttributeKey[java.io.File]("assets") in Scope(Build: file:/Users/Messi/Development/activator-1.3.5-minimal/catDB/, , Project: ProjectReference(file:/Users/Messi/Development/activator-1.3.5-minimal/catDB/,root), Config: web-assets)))
Sending msg to client play-fork-run-5c00ba37-e5fd-4a67-8390-a341fd9d30b3: TaskFinished(19,2039,None,true,None)
Sending msg to client play-fork-run-5c00ba37-e5fd-4a67-8390-a341fd9d30b3: TaskStarted(19,2038,Some(AttributeKey[scala.collection.Seq[java.io.File]]("managedResources") in Scope(Build: file:/Users/Messi/Development/activator-1.3.5-minimal/catDB/, , Project: ProjectReference(file:/Users/Messi/Development/activator-1.3.5-minimal/catDB/,root), Config: compile)))
Sending msg to client play-fork-run-5c00ba37-e5fd-4a67-8390-a341fd9d30b3: TaskFinished(19,2173,Some(AttributeKey[java.io.File]("assets") in Scope(Build: file:/Users/Messi/Development/activator-1.3.5-minimal/catDB/, , Project: ProjectReference(file:/Users/Messi/Development/activator-1.3.5-minimal/catDB/,root), Config: web-assets)),true,None)
Sending msg to client play-fork-run-5c00ba37-e5fd-4a67-8390-a341fd9d30b3: TaskStarted(19,2172,None)
Sending msg to client play-fork-run-5c00ba37-e5fd-4a67-8390-a341fd9d30b3: TaskFinished(19,2038,Some(AttributeKey[scala.collection.Seq[java.io.File]]("managedResources") in Scope(Build: file:/Users/Messi/Development/activator-1.3.5-minimal/catDB/, , Project: ProjectReference(file:/Users/Messi/Development/activator-1.3.5-minimal/catDB/,root), Config: compile)),true,None)
Sending msg to client play-fork-run-5c00ba37-e5fd-4a67-8390-a341fd9d30b3: TaskStarted(19,2036,Some(AttributeKey[scala.collection.Seq[java.io.File]]("resources") in Scope(Build: file:/Users/Messi/Development/activator-1.3.5-minimal/catDB/, , Project: ProjectReference(file:/Users/Messi/Development/activator-1.3.5-minimal/catDB/,root), Config: compile)))
Sending msg to client play-fork-run-5c00ba37-e5fd-4a67-8390-a341fd9d30b3: TaskFinished(19,2172,None,true,None)
Sending msg to client play-fork-run-5c00ba37-e5fd-4a67-8390-a341fd9d30b3: TaskStarted(19,2171,Some(AttributeKey[sbt.inc.Analysis]("playAssetsWithCompilation") in Scope(Build: file:/Users/Messi/Development/activator-1.3.5-minimal/catDB/, , Project: ProjectReference(file:/Users/Messi/Development/activator-1.3.5-minimal/catDB/,root))))
Sending msg to client play-fork-run-5c00ba37-e5fd-4a67-8390-a341fd9d30b3: TaskFinished(19,2036,Some(AttributeKey[scala.collection.Seq[java.io.File]]("resources") in Scope(Build: file:/Users/Messi/Development/activator-1.3.5-minimal/catDB/, , Project: ProjectReference(file:/Users/Messi/Development/activator-1.3.5-minimal/catDB/,root), Config: compile)),true,None)
Sending msg to client play-fork-run-5c00ba37-e5fd-4a67-8390-a341fd9d30b3: TaskStarted(19,2035,Some(AttributeKey[scala.collection.Seq[scala.Tuple2[java.io.File,java.io.File]]]("copyResources") in Scope(Build: file:/Users/Messi/Development/activator-1.3.5-minimal/catDB/, , Project: ProjectReference(file:/Users/Messi/Development/activator-1.3.5-minimal/catDB/,root), Config: compile)))
Sending msg to client play-fork-run-5c00ba37-e5fd-4a67-8390-a341fd9d30b3: TaskFinished(19,2171,Some(AttributeKey[sbt.inc.Analysis]("playAssetsWithCompilation") in Scope(Build: file:/Users/Messi/Development/activator-1.3.5-minimal/catDB/, , Project: ProjectReference(file:/Users/Messi/Development/activator-1.3.5-minimal/catDB/,root))),true,None)
Sending msg to client play-fork-run-5c00ba37-e5fd-4a67-8390-a341fd9d30b3: TaskLogEvent(2035,LogMessage(debug,Copy resource mappings: 
	(/Users/Messi/Development/activator-1.3.5-minimal/catDB/conf/application.conf,/Users/Messi/Development/activator-1.3.5-minimal/catDB/target/scala-2.11/classes/application.conf)
	(/Users/Messi/Development/activator-1.3.5-minimal/catDB/conf/evolutions,/Users/Messi/Development/activator-1.3.5-minimal/catDB/target/scala-2.11/classes/evolutions)
	(/Users/Messi/Development/activator-1.3.5-minimal/catDB/conf/logback.xml,/Users/Messi/Development/activator-1.3.5-minimal/catDB/target/scala-2.11/classes/logback.xml)
	(/Users/Messi/Development/activator-1.3.5-minimal/catDB/conf/routes,/Users/Messi/Development/activator-1.3.5-minimal/catDB/target/scala-2.11/classes/routes)
	(/Users/Messi/Development/activator-1.3.5-minimal/catDB/conf/evolutions/default,/Users/Messi/Development/activator-1.3.5-minimal/catDB/target/scala-2.11/classes/evolutions/default)
	(/Users/Messi/Development/activator-1.3.5-minimal/catDB/conf/evolutions/default/1.sql,/Users/Messi/Development/activator-1.3.5-minimal/catDB/target/scala-2.11/classes/evolutions/default/1.sql)))
Sending msg to client play-fork-run-5c00ba37-e5fd-4a67-8390-a341fd9d30b3: TaskStarted(19,2170,None)
Sending msg to client play-fork-run-5c00ba37-e5fd-4a67-8390-a341fd9d30b3: TaskFinished(19,2170,None,true,None)
Sending msg to client play-fork-run-5c00ba37-e5fd-4a67-8390-a341fd9d30b3: TaskFinished(19,2044,None,true,None)
Sending msg to client play-fork-run-5c00ba37-e5fd-4a67-8390-a341fd9d30b3: TaskStarted(19,2043,None)
Sending msg to client play-fork-run-5c00ba37-e5fd-4a67-8390-a341fd9d30b3: TaskFinished(19,2043,None,true,None)
Sending msg to client play-fork-run-5c00ba37-e5fd-4a67-8390-a341fd9d30b3: TaskFinished(19,1910,Some(AttributeKey[scala.collection.Seq[sbt.inc.Analysis]]("playCompileEverything") in Scope(Build: file:/Users/Messi/Development/activator-1.3.5-minimal/catDB/, , Project: ProjectReference(file:/Users/Messi/Development/activator-1.3.5-minimal/catDB/,root))),true,None)
Sending msg to client play-fork-run-5c00ba37-e5fd-4a67-8390-a341fd9d30b3: TaskStarted(19,1909,Some(AttributeKey[sbt.inc.Analysis]("playReload") in Scope(Build: file:/Users/Messi/Development/activator-1.3.5-minimal/catDB/, , Project: ProjectReference(file:/Users/Messi/Development/activator-1.3.5-minimal/catDB/,root))))
Sending msg to client play-fork-run-5c00ba37-e5fd-4a67-8390-a341fd9d30b3: TaskFinished(19,2035,Some(AttributeKey[scala.collection.Seq[scala.Tuple2[java.io.File,java.io.File]]]("copyResources") in Scope(Build: file:/Users/Messi/Development/activator-1.3.5-minimal/catDB/, , Project: ProjectReference(file:/Users/Messi/Development/activator-1.3.5-minimal/catDB/,root), Config: compile)),true,None)
Sending msg to client play-fork-run-5c00ba37-e5fd-4a67-8390-a341fd9d30b3: TaskStarted(19,2034,Some(AttributeKey[scala.collection.Seq[java.io.File]]("products") in Scope(Build: file:/Users/Messi/Development/activator-1.3.5-minimal/catDB/, , Project: ProjectReference(file:/Users/Messi/Development/activator-1.3.5-minimal/catDB/,root), Config: runtime)))
Sending msg to client play-fork-run-5c00ba37-e5fd-4a67-8390-a341fd9d30b3: TaskStarted(19,2121,Some(AttributeKey[scala.collection.Seq[java.io.File]]("products") in Scope(Build: file:/Users/Messi/Development/activator-1.3.5-minimal/catDB/, , Project: ProjectReference(file:/Users/Messi/Development/activator-1.3.5-minimal/catDB/,root), Config: compile)))
Sending msg to client play-fork-run-5c00ba37-e5fd-4a67-8390-a341fd9d30b3: TaskFinished(19,1909,Some(AttributeKey[sbt.inc.Analysis]("playReload") in Scope(Build: file:/Users/Messi/Development/activator-1.3.5-minimal/catDB/, , Project: ProjectReference(file:/Users/Messi/Development/activator-1.3.5-minimal/catDB/,root))),true,None)
Sending msg to client play-fork-run-5c00ba37-e5fd-4a67-8390-a341fd9d30b3: TaskStarted(19,1908,None)
Sending msg to client play-fork-run-5c00ba37-e5fd-4a67-8390-a341fd9d30b3: TaskFinished(19,2034,Some(AttributeKey[scala.collection.Seq[java.io.File]]("products") in Scope(Build: file:/Users/Messi/Development/activator-1.3.5-minimal/catDB/, , Project: ProjectReference(file:/Users/Messi/Development/activator-1.3.5-minimal/catDB/,root), Config: runtime)),true,None)
Sending msg to client play-fork-run-5c00ba37-e5fd-4a67-8390-a341fd9d30b3: TaskFinished(19,1959,None,true,None)
Sending msg to client play-fork-run-5c00ba37-e5fd-4a67-8390-a341fd9d30b3: TaskStarted(19,1958,None)
Sending msg to client play-fork-run-5c00ba37-e5fd-4a67-8390-a341fd9d30b3: TaskFinished(19,2121,Some(AttributeKey[scala.collection.Seq[java.io.File]]("products") in Scope(Build: file:/Users/Messi/Development/activator-1.3.5-minimal/catDB/, , Project: ProjectReference(file:/Users/Messi/Development/activator-1.3.5-minimal/catDB/,root), Config: compile)),true,None)
Sending msg to client play-fork-run-5c00ba37-e5fd-4a67-8390-a341fd9d30b3: TaskFinished(19,2073,None,true,None)
Sending msg to client play-fork-run-5c00ba37-e5fd-4a67-8390-a341fd9d30b3: TaskStarted(19,2072,None)
Sending msg to client play-fork-run-5c00ba37-e5fd-4a67-8390-a341fd9d30b3: TaskFinished(19,1908,None,true,None)
Sending msg to client play-fork-run-5c00ba37-e5fd-4a67-8390-a341fd9d30b3: TaskFinished(19,1958,None,true,None)
Sending msg to client play-fork-run-5c00ba37-e5fd-4a67-8390-a341fd9d30b3: TaskStarted(19,1956,Some(AttributeKey[scala.collection.Seq[sbt.Attributed[java.io.File]]]("exportedProducts") in Scope(Build: file:/Users/Messi/Development/activator-1.3.5-minimal/catDB/, , Project: ProjectReference(file:/Users/Messi/Development/activator-1.3.5-minimal/catDB/,root), Config: runtime)))
Sending msg to client play-fork-run-5c00ba37-e5fd-4a67-8390-a341fd9d30b3: TaskFinished(19,2072,None,true,None)
Sending msg to client play-fork-run-5c00ba37-e5fd-4a67-8390-a341fd9d30b3: TaskStarted(19,2070,Some(AttributeKey[scala.collection.Seq[sbt.Attributed[java.io.File]]]("exportedProducts") in Scope(Build: file:/Users/Messi/Development/activator-1.3.5-minimal/catDB/, , Project: ProjectReference(file:/Users/Messi/Development/activator-1.3.5-minimal/catDB/,root), Config: compile)))
Sending msg to client play-fork-run-5c00ba37-e5fd-4a67-8390-a341fd9d30b3: TaskFinished(19,1956,Some(AttributeKey[scala.collection.Seq[sbt.Attributed[java.io.File]]]("exportedProducts") in Scope(Build: file:/Users/Messi/Development/activator-1.3.5-minimal/catDB/, , Project: ProjectReference(file:/Users/Messi/Development/activator-1.3.5-minimal/catDB/,root), Config: runtime)),true,None)
Sending msg to client play-fork-run-5c00ba37-e5fd-4a67-8390-a341fd9d30b3: TaskFinished(19,2070,Some(AttributeKey[scala.collection.Seq[sbt.Attributed[java.io.File]]]("exportedProducts") in Scope(Build: file:/Users/Messi/Development/activator-1.3.5-minimal/catDB/, , Project: ProjectReference(file:/Users/Messi/Development/activator-1.3.5-minimal/catDB/,root), Config: compile)),true,None)
Sending msg to client play-fork-run-5c00ba37-e5fd-4a67-8390-a341fd9d30b3: TaskStarted(19,2069,Some(AttributeKey[scala.collection.Seq[sbt.Attributed[java.io.File]]]("exportedProducts") in Scope(Build: file:/Users/Messi/Development/activator-1.3.5-minimal/catDB/, , Project: ProjectReference(file:/Users/Messi/Development/activator-1.3.5-minimal/catDB/,root), Config: compile)))
Sending msg to client play-fork-run-5c00ba37-e5fd-4a67-8390-a341fd9d30b3: TaskFinished(19,2069,Some(AttributeKey[scala.collection.Seq[sbt.Attributed[java.io.File]]]("exportedProducts") in Scope(Build: file:/Users/Messi/Development/activator-1.3.5-minimal/catDB/, , Project: ProjectReference(file:/Users/Messi/Development/activator-1.3.5-minimal/catDB/,root), Config: compile)),true,None)
Sending msg to client play-fork-run-5c00ba37-e5fd-4a67-8390-a341fd9d30b3: TaskStarted(19,2068,None)
Sending msg to client play-fork-run-5c00ba37-e5fd-4a67-8390-a341fd9d30b3: TaskFinished(19,2068,None,true,None)
Sending msg to client play-fork-run-5c00ba37-e5fd-4a67-8390-a341fd9d30b3: TaskStarted(19,2067,None)
Sending msg to client play-fork-run-5c00ba37-e5fd-4a67-8390-a341fd9d30b3: TaskFinished(19,2067,None,true,None)
Sending msg to client play-fork-run-5c00ba37-e5fd-4a67-8390-a341fd9d30b3: TaskFinished(19,1921,None,true,None)
Sending msg to client play-fork-run-5c00ba37-e5fd-4a67-8390-a341fd9d30b3: TaskStarted(19,1918,Some(AttributeKey[scala.collection.Seq[sbt.Attributed[java.io.File]]]("internalDependencyClasspath") in Scope(Build: file:/Users/Messi/Development/activator-1.3.5-minimal/catDB/, , Project: ProjectReference(file:/Users/Messi/Development/activator-1.3.5-minimal/catDB/,root), Config: runtime)))
Sending msg to client play-fork-run-5c00ba37-e5fd-4a67-8390-a341fd9d30b3: TaskFinished(19,1918,Some(AttributeKey[scala.collection.Seq[sbt.Attributed[java.io.File]]]("internalDependencyClasspath") in Scope(Build: file:/Users/Messi/Development/activator-1.3.5-minimal/catDB/, , Project: ProjectReference(file:/Users/Messi/Development/activator-1.3.5-minimal/catDB/,root), Config: runtime)),true,None)
Sending msg to client play-fork-run-5c00ba37-e5fd-4a67-8390-a341fd9d30b3: TaskStarted(19,1917,Some(AttributeKey[scala.collection.Seq[sbt.Attributed[java.io.File]]]("playReloaderClasspath") in Scope(Build: file:/Users/Messi/Development/activator-1.3.5-minimal/catDB/, , Project: ProjectReference(file:/Users/Messi/Development/activator-1.3.5-minimal/catDB/,root))))
Sending msg to client play-fork-run-5c00ba37-e5fd-4a67-8390-a341fd9d30b3: TaskFinished(19,1917,Some(AttributeKey[scala.collection.Seq[sbt.Attributed[java.io.File]]]("playReloaderClasspath") in Scope(Build: file:/Users/Messi/Development/activator-1.3.5-minimal/catDB/, , Project: ProjectReference(file:/Users/Messi/Development/activator-1.3.5-minimal/catDB/,root))),true,None)
Sending msg to client play-fork-run-5c00ba37-e5fd-4a67-8390-a341fd9d30b3: TaskStarted(19,1916,Some(AttributeKey[scala.collection.Seq[sbt.Attributed[java.io.File]]]("playReloaderClasspath") in Scope(Build: file:/Users/Messi/Development/activator-1.3.5-minimal/catDB/, , Project: ProjectReference(file:/Users/Messi/Development/activator-1.3.5-minimal/catDB/,root))))
Sending msg to client play-fork-run-5c00ba37-e5fd-4a67-8390-a341fd9d30b3: TaskFinished(19,1916,Some(AttributeKey[scala.collection.Seq[sbt.Attributed[java.io.File]]]("playReloaderClasspath") in Scope(Build: file:/Users/Messi/Development/activator-1.3.5-minimal/catDB/, , Project: ProjectReference(file:/Users/Messi/Development/activator-1.3.5-minimal/catDB/,root))),true,None)
Sending msg to client play-fork-run-5c00ba37-e5fd-4a67-8390-a341fd9d30b3: TaskStarted(19,1915,None)
Sending msg to client play-fork-run-5c00ba37-e5fd-4a67-8390-a341fd9d30b3: TaskFinished(19,1915,None,true,None)
Sending msg to client play-fork-run-5c00ba37-e5fd-4a67-8390-a341fd9d30b3: TaskStarted(19,1907,Some(AttributeKey[play.runsupport.Reloader$CompileResult]("playForkReload") in Scope(Build: file:/Users/Messi/Development/activator-1.3.5-minimal/catDB/, , Project: ProjectReference(file:/Users/Messi/Development/activator-1.3.5-minimal/catDB/,root))))
Sending msg to client play-fork-run-5c00ba37-e5fd-4a67-8390-a341fd9d30b3: TaskFinished(19,1907,Some(AttributeKey[play.runsupport.Reloader$CompileResult]("playForkReload") in Scope(Build: file:/Users/Messi/Development/activator-1.3.5-minimal/catDB/, , Project: ProjectReference(file:/Users/Messi/Development/activator-1.3.5-minimal/catDB/,root))),true,None)
Sending msg to client play-fork-run-5c00ba37-e5fd-4a67-8390-a341fd9d30b3: TaskStarted(19,1906,None)
Sending msg to client play-fork-run-5c00ba37-e5fd-4a67-8390-a341fd9d30b3: TaskFinished(19,1906,None,true,None)
Sending msg to client play-fork-run-5c00ba37-e5fd-4a67-8390-a341fd9d30b3: TaskStarted(19,1905,None)
Sending msg to client play-fork-run-5c00ba37-e5fd-4a67-8390-a341fd9d30b3: TaskFinished(19,1905,None,true,None)
Sending msg to client play-fork-run-5c00ba37-e5fd-4a67-8390-a341fd9d30b3: DetachedLogEvent(LogMessage(debug,cancel strategy finish enabled=false lastCommand=Some(LastCommand(CommandExecutionWork(ExecutionId(19),{file:/Users/Messi/Development/activator-1.3.5-minimal/catDB/}root/*:playForkReload,Set(LiveClient(play-fork-run ac042647-f5fd-4586-8c80-17077fc485f4)),sbt.server.WorkCancellationStatus$$anon$1@51c39)))))
Sending msg to client play-fork-run-5c00ba37-e5fd-4a67-8390-a341fd9d30b3: DetachedLogEvent(LogSuccess(Total time: 2 s, completed Jul 16, 2015 5:06:47 PM))
Sending msg to client play-fork-run-5c00ba37-e5fd-4a67-8390-a341fd9d30b3: DetachedLogEvent(LogMessage(debug,> server-post-command-cleanup))
Sending msg to client play-fork-run-5c00ba37-e5fd-4a67-8390-a341fd9d30b3: ExecutionSuccess(19)
Sending msg to client play-fork-run-5c00ba37-e5fd-4a67-8390-a341fd9d30b3: DetachedLogEvent(LogMessage(debug,> server-handle-next-server-request))
Sending msg to client play-fork-run-5c00ba37-e5fd-4a67-8390-a341fd9d30b3: BackgroundJobLogEvent(2,LogMessage(info,- application - Creating Pool for datasource 'default'))
Sending msg to client play-fork-run-5c00ba37-e5fd-4a67-8390-a341fd9d30b3: BackgroundJobLogEvent(2,LogMessage(info,- play.api.db.DefaultDBApi - Database [default] connected at jdbc:h2:mem:play))
Sending msg to client play-fork-run-5c00ba37-e5fd-4a67-8390-a341fd9d30b3: BackgroundJobLogEvent(2,LogMessage(info,- play.api.libs.concurrent.ActorSystemProvider - Starting application default Akka system: application))
Sending msg to client play-fork-run-5c00ba37-e5fd-4a67-8390-a341fd9d30b3: BackgroundJobLogEvent(2,LogMessage(info,- play.api.Play - Application started (Dev)))
Got request: UnlistenToEvents()
Reading next message from client.
Sending msg to client play-fork-run-5c00ba37-e5fd-4a67-8390-a341fd9d30b3: (4,ReceivedResponse())
Got request: ListenToValue(AttributeKey[play.forkrun.protocol.ForkConfig]("playForkConfig") in Scope(Build: file:/Users/Messi/Development/activator-1.3.5-minimal/catDB/, , Project: ProjectReference(file:/Users/Messi/Development/activator-1.3.5-minimal/catDB/,root)))
Reading next message from client.
Got request: UnlistenToValue(AttributeKey[play.forkrun.protocol.ForkConfig]("playForkConfig") in Scope(Build: file:/Users/Messi/Development/activator-1.3.5-minimal/catDB/, , Project: ProjectReference(file:/Users/Messi/Development/activator-1.3.5-minimal/catDB/,root)))
Reading next message from client.
Got request: ListenToValue(AttributeKey[play.runsupport.Reloader$CompileResult]("playForkReload") in Scope(Build: file:/Users/Messi/Development/activator-1.3.5-minimal/catDB/, , Project: ProjectReference(file:/Users/Messi/Development/activator-1.3.5-minimal/catDB/,root)))
Reading next message from client.
Got request: UnlistenToValue(AttributeKey[play.runsupport.Reloader$CompileResult]("playForkReload") in Scope(Build: file:/Users/Messi/Development/activator-1.3.5-minimal/catDB/, , Project: ProjectReference(file:/Users/Messi/Development/activator-1.3.5-minimal/catDB/,root)))
Reading next message from client.
Sending msg to client play-fork-run-5c00ba37-e5fd-4a67-8390-a341fd9d30b3: (5,ReceivedResponse())
Sending msg to client play-fork-run-5c00ba37-e5fd-4a67-8390-a341fd9d30b3: (6,ReceivedResponse())
Client play-fork-run-5c00ba37-e5fd-4a67-8390-a341fd9d30b3 closed, java.net.SocketException: Connection reset, shutting down
Dropping message (6,ReceivedResponse()) because client play-fork-run-5c00ba37-e5fd-4a67-8390-a341fd9d30b3 of an exception serializing and sending: java.net.SocketException: Broken pipe
stack trace sending message was 
java.net.SocketException: Broken pipe
	at java.net.SocketOutputStream.socketWrite0(Native Method)
	at java.net.SocketOutputStream.socketWrite(SocketOutputStream.java:109)
	at java.net.SocketOutputStream.write(SocketOutputStream.java:153)
	at java.io.BufferedOutputStream.flushBuffer(BufferedOutputStream.java:82)
	at java.io.BufferedOutputStream.flush(BufferedOutputStream.java:140)
	at java.io.DataOutputStream.flush(DataOutputStream.java:123)
	at sbt.impl.ipc.Peer.send(IPC.scala:79)
	at sbt.impl.ipc.Peer.reply(IPC.scala:88)
	at sbt.impl.ipc.Peer.replyString(IPC.scala:111)
	at sbt.impl.ipc.Peer.replyJson(IPC.scala:124)
	at sbt.server.SbtClientHandler$$anonfun$reply$1.apply$mcV$sp(SbtClientHandler.scala:132)
	at sbt.server.SbtClientHandler.wrappedSend(SbtClientHandler.scala:113)
	at sbt.server.SbtClientHandler.reply(SbtClientHandler.scala:132)
	at sbt.server.RequestProcessor.sbt$server$RequestProcessor$$handleRequestsWithBuildState(RequestProcessor.scala:439)
	at sbt.server.RequestProcessor.run(RequestProcessor.scala:324)
Stopping client.
Client play-fork-run-5c00ba37-e5fd-4a67-8390-a341fd9d30b3 thread exiting.
Dropping message (7,ReceivedResponse()) to dead client play-fork-run-5c00ba37-e5fd-4a67-8390-a341fd9d30b3
Dropping message (8,ReceivedResponse()) to dead client play-fork-run-5c00ba37-e5fd-4a67-8390-a341fd9d30b3
Dropping message (0,ReceivedResponse()) to dead client play-fork-run-5c00ba37-e5fd-4a67-8390-a341fd9d30b3
